<?xml version="1.0" encoding="UTF-8"?>
<coverage generated="1772242514875" clover="3.2.0">
  <project timestamp="1772242514875" name="All files">
    <metrics statements="17" coveredstatements="17" conditionals="7" coveredconditionals="7" methods="5" coveredmethods="5" elements="29" coveredelements="29" complexity="0" loc="17" ncloc="17" packages="1" files="5" classes="5"/>
    <file name="api.js" path="C:\Users\GMI\Desktop\tp_test\test_logiciel_GL4\TP-vitest\src\api.js">
      <metrics statements="5" coveredstatements="5" conditionals="1" coveredconditionals="1" methods="1" coveredmethods="1"/>
      <line num="1" count="1" type="cond" truecount="1" falsecount="0"/>
      <line num="2" count="1" type="stmt"/>
      <line num="3" count="1" type="stmt"/>
      <line num="4" count="1" type="stmt"/>
      <line num="5" count="1" type="stmt"/>
    </file>
    <file name="math.js" path="C:\Users\GMI\Desktop\tp_test\test_logiciel_GL4\TP-vitest\src\math.js">
      <metrics statements="3" coveredstatements="3" conditionals="1" coveredconditionals="1" methods="1" coveredmethods="1"/>
      <line num="1" count="1" type="cond" truecount="1" falsecount="0"/>
      <line num="2" count="6" type="stmt"/>
      <line num="3" count="6" type="stmt"/>
    </file>
    <file name="price.js" path="C:\Users\GMI\Desktop\tp_test\test_logiciel_GL4\TP-vitest\src\price.js">
      <metrics statements="3" coveredstatements="3" conditionals="2" coveredconditionals="2" methods="1" coveredmethods="1"/>
      <line num="1" count="1" type="cond" truecount="1" falsecount="0"/>
      <line num="2" count="6" type="cond" truecount="1" falsecount="0"/>
      <line num="3" count="6" type="stmt"/>
    </file>
    <file name="sort.js" path="C:\Users\GMI\Desktop\tp_test\test_logiciel_GL4\TP-vitest\src\sort.js">
      <metrics statements="3" coveredstatements="3" conditionals="2" coveredconditionals="2" methods="1" coveredmethods="1"/>
      <line num="1" count="1" type="cond" truecount="1" falsecount="0"/>
      <line num="2" count="4" type="cond" truecount="1" falsecount="0"/>
      <line num="3" count="4" type="stmt"/>
    </file>
    <file name="strings.js" path="C:\Users\GMI\Desktop\tp_test\test_logiciel_GL4\TP-vitest\src\strings.js">
      <metrics statements="3" coveredstatements="3" conditionals="1" coveredconditionals="1" methods="1" coveredmethods="1"/>
      <line num="1" count="1" type="cond" truecount="1" falsecount="0"/>
      <line num="2" count="3" type="stmt"/>
      <line num="3" count="3" type="stmt"/>
    </file>
  </project>
</coverage>
