{"C:\\Users\\GMI\\Desktop\\tp_test\\test_logiciel_GL4\\TP-vitest\\src\\api.js": {"path":"C:\\Users\\GMI\\Desktop\\tp_test\\test_logiciel_GL4\\TP-vitest\\src\\api.js","all":false,"statementMap":{"0":{"start":{"line":1,"column":0},"end":{"line":1,"column":41}},"1":{"start":{"line":2,"column":0},"end":{"line":2,"column":61}},"2":{"start":{"line":3,"column":0},"end":{"line":3,"column":37}},"3":{"start":{"line":4,"column":0},"end":{"line":4,"column":25}},"4":{"start":{"line":5,"column":0},"end":{"line":5,"column":1}}},"s":{"0":1,"1":1,"2":1,"3":1,"4":1},"branchMap":{"0":{"type":"branch","line":1,"loc":{"start":{"line":1,"column":7},"end":{"line":5,"column":1}},"locations":[{"start":{"line":1,"column":7},"end":{"line":5,"column":1}}]}},"b":{"0":[1]},"fnMap":{"0":{"name":"fetchRandomUser","decl":{"start":{"line":1,"column":7},"end":{"line":5,"column":1}},"loc":{"start":{"line":1,"column":7},"end":{"line":5,"column":1}},"line":1}},"f":{"0":1}}
,"C:\\Users\\GMI\\Desktop\\tp_test\\test_logiciel_GL4\\TP-vitest\\src\\math.js": {"path":"C:\\Users\\GMI\\Desktop\\tp_test\\test_logiciel_GL4\\TP-vitest\\src\\math.js","all":false,"statementMap":{"0":{"start":{"line":1,"column":0},"end":{"line":1,"column":27}},"1":{"start":{"line":2,"column":0},"end":{"line":2,"column":15}},"2":{"start":{"line":3,"column":0},"end":{"line":3,"column":1}}},"s":{"0":1,"1":6,"2":6},"branchMap":{"0":{"type":"branch","line":1,"loc":{"start":{"line":1,"column":7},"end":{"line":3,"column":1}},"locations":[{"start":{"line":1,"column":7},"end":{"line":3,"column":1}}]}},"b":{"0":[6]},"fnMap":{"0":{"name":"add","decl":{"start":{"line":1,"column":7},"end":{"line":3,"column":1}},"loc":{"start":{"line":1,"column":7},"end":{"line":3,"column":1}},"line":1}},"f":{"0":6}}
,"C:\\Users\\GMI\\Desktop\\tp_test\\test_logiciel_GL4\\TP-vitest\\src\\price.js": {"path":"C:\\Users\\GMI\\Desktop\\tp_test\\test_logiciel_GL4\\TP-vitest\\src\\price.js","all":false,"statementMap":{"0":{"start":{"line":1,"column":0},"end":{"line":1,"column":49}},"1":{"start":{"line":2,"column":0},"end":{"line":2,"column":38}},"2":{"start":{"line":3,"column":0},"end":{"line":3,"column":1}}},"s":{"0":1,"1":6,"2":6},"branchMap":{"0":{"type":"branch","line":1,"loc":{"start":{"line":1,"column":7},"end":{"line":3,"column":1}},"locations":[{"start":{"line":1,"column":7},"end":{"line":3,"column":1}}]},"1":{"type":"branch","line":2,"loc":{"start":{"line":2,"column":22},"end":{"line":2,"column":37}},"locations":[{"start":{"line":2,"column":22},"end":{"line":2,"column":37}}]}},"b":{"0":[6],"1":[5]},"fnMap":{"0":{"name":"isPriceInRange","decl":{"start":{"line":1,"column":7},"end":{"line":3,"column":1}},"loc":{"start":{"line":1,"column":7},"end":{"line":3,"column":1}},"line":1}},"f":{"0":6}}
,"C:\\Users\\GMI\\Desktop\\tp_test\\test_logiciel_GL4\\TP-vitest\\src\\sort.js": {"path":"C:\\Users\\GMI\\Desktop\\tp_test\\test_logiciel_GL4\\TP-vitest\\src\\sort.js","all":false,"statementMap":{"0":{"start":{"line":1,"column":0},"end":{"line":1,"column":28}},"1":{"start":{"line":2,"column":0},"end":{"line":2,"column":40}},"2":{"start":{"line":3,"column":0},"end":{"line":3,"column":1}}},"s":{"0":1,"1":4,"2":4},"branchMap":{"0":{"type":"branch","line":1,"loc":{"start":{"line":1,"column":7},"end":{"line":3,"column":1}},"locations":[{"start":{"line":1,"column":7},"end":{"line":3,"column":1}}]},"1":{"type":"branch","line":2,"loc":{"start":{"line":2,"column":23},"end":{"line":2,"column":38}},"locations":[{"start":{"line":2,"column":23},"end":{"line":2,"column":38}}]}},"b":{"0":[4],"1":[16]},"fnMap":{"0":{"name":"trier","decl":{"start":{"line":1,"column":7},"end":{"line":3,"column":1}},"loc":{"start":{"line":1,"column":7},"end":{"line":3,"column":1}},"line":1}},"f":{"0":4}}
,"C:\\Users\\GMI\\Desktop\\tp_test\\test_logiciel_GL4\\TP-vitest\\src\\strings.js": {"path":"C:\\Users\\GMI\\Desktop\\tp_test\\test_logiciel_GL4\\TP-vitest\\src\\strings.js","all":false,"statementMap":{"0":{"start":{"line":1,"column":0},"end":{"line":1,"column":34}},"1":{"start":{"line":2,"column":0},"end":{"line":2,"column":27}},"2":{"start":{"line":3,"column":0},"end":{"line":3,"column":1}}},"s":{"0":1,"1":3,"2":3},"branchMap":{"0":{"type":"branch","line":1,"loc":{"start":{"line":1,"column":7},"end":{"line":3,"column":1}},"locations":[{"start":{"line":1,"column":7},"end":{"line":3,"column":1}}]}},"b":{"0":[3]},"fnMap":{"0":{"name":"transformer","decl":{"start":{"line":1,"column":7},"end":{"line":3,"column":1}},"loc":{"start":{"line":1,"column":7},"end":{"line":3,"column":1}},"line":1}},"f":{"0":3}}
}
