{"C:\\Users\\GMI\\Desktop\\tp_test\\test_logiciel_GL4\\user-management-app\\frontend\\src\\utils\\formHelpers.js": {"path":"C:\\Users\\GMI\\Desktop\\tp_test\\test_logiciel_GL4\\user-management-app\\frontend\\src\\utils\\formHelpers.js","all":false,"statementMap":{"0":{"start":{"line":1,"column":0},"end":{"line":1,"column":27}},"1":{"start":{"line":2,"column":0},"end":{"line":2,"column":80}},"2":{"start":{"line":3,"column":0},"end":{"line":3,"column":78}},"3":{"start":{"line":4,"column":0},"end":{"line":4,"column":80}},"4":{"start":{"line":5,"column":0},"end":{"line":5,"column":0}},"5":{"start":{"line":6,"column":0},"end":{"line":6,"column":3}},"6":{"start":{"line":7,"column":0},"end":{"line":7,"column":62}},"7":{"start":{"line":8,"column":0},"end":{"line":8,"column":27}},"8":{"start":{"line":9,"column":0},"end":{"line":9,"column":26}},"9":{"start":{"line":10,"column":0},"end":{"line":10,"column":21}},"10":{"start":{"line":11,"column":0},"end":{"line":11,"column":3}},"11":{"start":{"line":12,"column":0},"end":{"line":12,"column":51}},"12":{"start":{"line":13,"column":0},"end":{"line":13,"column":40}},"13":{"start":{"line":14,"column":0},"end":{"line":14,"column":34}},"14":{"start":{"line":15,"column":0},"end":{"line":15,"column":25}},"15":{"start":{"line":16,"column":0},"end":{"line":16,"column":1}},"16":{"start":{"line":17,"column":0},"end":{"line":17,"column":0}},"17":{"start":{"line":18,"column":0},"end":{"line":18,"column":3}},"18":{"start":{"line":19,"column":0},"end":{"line":19,"column":37}},"19":{"start":{"line":20,"column":0},"end":{"line":20,"column":27}},"20":{"start":{"line":21,"column":0},"end":{"line":21,"column":49}},"21":{"start":{"line":22,"column":0},"end":{"line":22,"column":3}},"22":{"start":{"line":23,"column":0},"end":{"line":23,"column":47}},"23":{"start":{"line":24,"column":0},"end":{"line":24,"column":52}},"24":{"start":{"line":25,"column":0},"end":{"line":25,"column":16}},"25":{"start":{"line":26,"column":0},"end":{"line":26,"column":37}},"26":{"start":{"line":27,"column":0},"end":{"line":27,"column":37}},"27":{"start":{"line":28,"column":0},"end":{"line":28,"column":38}},"28":{"start":{"line":29,"column":0},"end":{"line":29,"column":38}},"29":{"start":{"line":30,"column":0},"end":{"line":30,"column":45}},"30":{"start":{"line":31,"column":0},"end":{"line":31,"column":0}},"31":{"start":{"line":32,"column":0},"end":{"line":32,"column":35}},"32":{"start":{"line":33,"column":0},"end":{"line":33,"column":34}},"33":{"start":{"line":34,"column":0},"end":{"line":34,"column":33}},"34":{"start":{"line":35,"column":0},"end":{"line":35,"column":21}},"35":{"start":{"line":36,"column":0},"end":{"line":36,"column":1}},"36":{"start":{"line":37,"column":0},"end":{"line":37,"column":0}},"37":{"start":{"line":38,"column":0},"end":{"line":38,"column":3}},"38":{"start":{"line":39,"column":0},"end":{"line":39,"column":63}},"39":{"start":{"line":40,"column":0},"end":{"line":40,"column":69}},"40":{"start":{"line":41,"column":0},"end":{"line":41,"column":38}},"41":{"start":{"line":42,"column":0},"end":{"line":42,"column":3}},"42":{"start":{"line":43,"column":0},"end":{"line":43,"column":44}},"43":{"start":{"line":44,"column":0},"end":{"line":44,"column":48}},"44":{"start":{"line":45,"column":0},"end":{"line":45,"column":41}},"45":{"start":{"line":46,"column":0},"end":{"line":46,"column":10}},"46":{"start":{"line":47,"column":0},"end":{"line":47,"column":66}},"47":{"start":{"line":48,"column":0},"end":{"line":48,"column":69}},"48":{"start":{"line":49,"column":0},"end":{"line":49,"column":71}},"49":{"start":{"line":50,"column":0},"end":{"line":50,"column":4}},"50":{"start":{"line":51,"column":0},"end":{"line":51,"column":1}},"51":{"start":{"line":52,"column":0},"end":{"line":52,"column":0}},"52":{"start":{"line":53,"column":0},"end":{"line":53,"column":3}},"53":{"start":{"line":54,"column":0},"end":{"line":54,"column":71}},"54":{"start":{"line":55,"column":0},"end":{"line":55,"column":28}},"55":{"start":{"line":56,"column":0},"end":{"line":56,"column":27}},"56":{"start":{"line":57,"column":0},"end":{"line":57,"column":25}},"57":{"start":{"line":58,"column":0},"end":{"line":58,"column":3}},"58":{"start":{"line":59,"column":0},"end":{"line":59,"column":50}},"59":{"start":{"line":60,"column":0},"end":{"line":60,"column":42}},"60":{"start":{"line":61,"column":0},"end":{"line":61,"column":34}},"61":{"start":{"line":62,"column":0},"end":{"line":62,"column":53}},"62":{"start":{"line":63,"column":0},"end":{"line":63,"column":4}},"63":{"start":{"line":64,"column":0},"end":{"line":64,"column":23}},"64":{"start":{"line":65,"column":0},"end":{"line":65,"column":1}},"65":{"start":{"line":66,"column":0},"end":{"line":66,"column":0}},"66":{"start":{"line":67,"column":0},"end":{"line":67,"column":3}},"67":{"start":{"line":68,"column":0},"end":{"line":68,"column":64}},"68":{"start":{"line":69,"column":0},"end":{"line":69,"column":85}},"69":{"start":{"line":70,"column":0},"end":{"line":70,"column":21}},"70":{"start":{"line":71,"column":0},"end":{"line":71,"column":3}},"71":{"start":{"line":72,"column":0},"end":{"line":72,"column":37}},"72":{"start":{"line":73,"column":0},"end":{"line":73,"column":58}},"73":{"start":{"line":74,"column":0},"end":{"line":74,"column":10}},"74":{"start":{"line":75,"column":0},"end":{"line":75,"column":38}},"75":{"start":{"line":76,"column":0},"end":{"line":76,"column":34}},"76":{"start":{"line":77,"column":0},"end":{"line":77,"column":35}},"77":{"start":{"line":78,"column":0},"end":{"line":78,"column":38}},"78":{"start":{"line":79,"column":0},"end":{"line":79,"column":4}},"79":{"start":{"line":80,"column":0},"end":{"line":80,"column":1}}},"s":{"0":1,"1":1,"2":1,"3":1,"4":1,"5":1,"6":1,"7":1,"8":1,"9":1,"10":1,"11":1,"12":6,"13":6,"14":6,"15":6,"16":1,"17":1,"18":1,"19":1,"20":1,"21":1,"22":1,"23":6,"24":4,"25":6,"26":6,"27":6,"28":6,"29":6,"30":4,"31":6,"32":6,"33":6,"34":1,"35":1,"36":1,"37":1,"38":1,"39":1,"40":1,"41":1,"42":1,"43":5,"44":5,"45":3,"46":5,"47":5,"48":5,"49":5,"50":5,"51":1,"52":1,"53":1,"54":1,"55":1,"56":1,"57":1,"58":1,"59":5,"60":4,"61":6,"62":4,"63":5,"64":5,"65":1,"66":1,"67":1,"68":1,"69":1,"70":1,"71":1,"72":7,"73":5,"74":7,"75":7,"76":7,"77":2,"78":7,"79":7},"branchMap":{"0":{"type":"branch","line":12,"loc":{"start":{"line":12,"column":7},"end":{"line":16,"column":1}},"locations":[{"start":{"line":12,"column":7},"end":{"line":16,"column":1}}]},"1":{"type":"branch","line":13,"loc":{"start":{"line":13,"column":38},"end":{"line":14,"column":31}},"locations":[{"start":{"line":13,"column":38},"end":{"line":14,"column":31}}]},"2":{"type":"branch","line":14,"loc":{"start":{"line":14,"column":32},"end":{"line":15,"column":24}},"locations":[{"start":{"line":14,"column":32},"end":{"line":15,"column":24}}]},"3":{"type":"branch","line":23,"loc":{"start":{"line":23,"column":7},"end":{"line":36,"column":1}},"locations":[{"start":{"line":23,"column":7},"end":{"line":36,"column":1}}]},"4":{"type":"branch","line":24,"loc":{"start":{"line":24,"column":36},"end":{"line":24,"column":52}},"locations":[{"start":{"line":24,"column":36},"end":{"line":24,"column":52}}]},"5":{"type":"branch","line":24,"loc":{"start":{"line":24,"column":51},"end":{"line":26,"column":29}},"locations":[{"start":{"line":24,"column":51},"end":{"line":26,"column":29}}]},"6":{"type":"branch","line":26,"loc":{"start":{"line":26,"column":29},"end":{"line":26,"column":37}},"locations":[{"start":{"line":26,"column":29},"end":{"line":26,"column":37}}]},"7":{"type":"branch","line":26,"loc":{"start":{"line":26,"column":36},"end":{"line":27,"column":29}},"locations":[{"start":{"line":26,"column":36},"end":{"line":27,"column":29}}]},"8":{"type":"branch","line":27,"loc":{"start":{"line":27,"column":29},"end":{"line":27,"column":37}},"locations":[{"start":{"line":27,"column":29},"end":{"line":27,"column":37}}]},"9":{"type":"branch","line":27,"loc":{"start":{"line":27,"column":36},"end":{"line":28,"column":30}},"locations":[{"start":{"line":27,"column":36},"end":{"line":28,"column":30}}]},"10":{"type":"branch","line":28,"loc":{"start":{"line":28,"column":30},"end":{"line":28,"column":38}},"locations":[{"start":{"line":28,"column":30},"end":{"line":28,"column":38}}]},"11":{"type":"branch","line":28,"loc":{"start":{"line":28,"column":37},"end":{"line":29,"column":30}},"locations":[{"start":{"line":28,"column":37},"end":{"line":29,"column":30}}]},"12":{"type":"branch","line":29,"loc":{"start":{"line":29,"column":30},"end":{"line":29,"column":38}},"locations":[{"start":{"line":29,"column":30},"end":{"line":29,"column":38}}]},"13":{"type":"branch","line":29,"loc":{"start":{"line":29,"column":37},"end":{"line":30,"column":37}},"locations":[{"start":{"line":29,"column":37},"end":{"line":30,"column":37}}]},"14":{"type":"branch","line":30,"loc":{"start":{"line":30,"column":37},"end":{"line":30,"column":45}},"locations":[{"start":{"line":30,"column":37},"end":{"line":30,"column":45}}]},"15":{"type":"branch","line":30,"loc":{"start":{"line":30,"column":44},"end":{"line":32,"column":19}},"locations":[{"start":{"line":30,"column":44},"end":{"line":32,"column":19}}]},"16":{"type":"branch","line":32,"loc":{"start":{"line":32,"column":19},"end":{"line":32,"column":35}},"locations":[{"start":{"line":32,"column":19},"end":{"line":32,"column":35}}]},"17":{"type":"branch","line":32,"loc":{"start":{"line":32,"column":34},"end":{"line":33,"column":19}},"locations":[{"start":{"line":32,"column":34},"end":{"line":33,"column":19}}]},"18":{"type":"branch","line":33,"loc":{"start":{"line":33,"column":19},"end":{"line":33,"column":34}},"locations":[{"start":{"line":33,"column":19},"end":{"line":33,"column":34}}]},"19":{"type":"branch","line":33,"loc":{"start":{"line":33,"column":33},"end":{"line":34,"column":19}},"locations":[{"start":{"line":33,"column":33},"end":{"line":34,"column":19}}]},"20":{"type":"branch","line":34,"loc":{"start":{"line":34,"column":19},"end":{"line":36,"column":1}},"locations":[{"start":{"line":34,"column":19},"end":{"line":36,"column":1}}]},"21":{"type":"branch","line":43,"loc":{"start":{"line":43,"column":7},"end":{"line":51,"column":1}},"locations":[{"start":{"line":43,"column":7},"end":{"line":51,"column":1}}]},"22":{"type":"branch","line":44,"loc":{"start":{"line":44,"column":16},"end":{"line":44,"column":47}},"locations":[{"start":{"line":44,"column":16},"end":{"line":44,"column":47}}]},"23":{"type":"branch","line":45,"loc":{"start":{"line":45,"column":4},"end":{"line":45,"column":41}},"locations":[{"start":{"line":45,"column":4},"end":{"line":45,"column":41}}]},"24":{"type":"branch","line":45,"loc":{"start":{"line":45,"column":40},"end":{"line":47,"column":26}},"locations":[{"start":{"line":45,"column":40},"end":{"line":47,"column":26}}]},"25":{"type":"branch","line":47,"loc":{"start":{"line":47,"column":26},"end":{"line":47,"column":48}},"locations":[{"start":{"line":47,"column":26},"end":{"line":47,"column":48}}]},"26":{"type":"branch","line":47,"loc":{"start":{"line":47,"column":61},"end":{"line":47,"column":65}},"locations":[{"start":{"line":47,"column":61},"end":{"line":47,"column":65}}]},"27":{"type":"branch","line":48,"loc":{"start":{"line":48,"column":26},"end":{"line":48,"column":63}},"locations":[{"start":{"line":48,"column":26},"end":{"line":48,"column":63}}]},"28":{"type":"branch","line":48,"loc":{"start":{"line":48,"column":64},"end":{"line":48,"column":68}},"locations":[{"start":{"line":48,"column":64},"end":{"line":48,"column":68}}]},"29":{"type":"branch","line":49,"loc":{"start":{"line":49,"column":26},"end":{"line":49,"column":48}},"locations":[{"start":{"line":49,"column":26},"end":{"line":49,"column":48}}]},"30":{"type":"branch","line":49,"loc":{"start":{"line":49,"column":62},"end":{"line":49,"column":70}},"locations":[{"start":{"line":49,"column":62},"end":{"line":49,"column":70}}]},"31":{"type":"branch","line":59,"loc":{"start":{"line":59,"column":7},"end":{"line":65,"column":1}},"locations":[{"start":{"line":59,"column":7},"end":{"line":65,"column":1}}]},"32":{"type":"branch","line":60,"loc":{"start":{"line":60,"column":30},"end":{"line":60,"column":42}},"locations":[{"start":{"line":60,"column":30},"end":{"line":60,"column":42}}]},"33":{"type":"branch","line":60,"loc":{"start":{"line":60,"column":41},"end":{"line":64,"column":15}},"locations":[{"start":{"line":60,"column":41},"end":{"line":64,"column":15}}]},"34":{"type":"branch","line":64,"loc":{"start":{"line":64,"column":15},"end":{"line":64,"column":22}},"locations":[{"start":{"line":64,"column":15},"end":{"line":64,"column":22}}]},"35":{"type":"branch","line":61,"loc":{"start":{"line":61,"column":28},"end":{"line":62,"column":53}},"locations":[{"start":{"line":61,"column":28},"end":{"line":62,"column":53}}]},"36":{"type":"branch","line":72,"loc":{"start":{"line":72,"column":7},"end":{"line":80,"column":1}},"locations":[{"start":{"line":72,"column":7},"end":{"line":80,"column":1}}]},"37":{"type":"branch","line":73,"loc":{"start":{"line":73,"column":14},"end":{"line":73,"column":43}},"locations":[{"start":{"line":73,"column":14},"end":{"line":73,"column":43}}]},"38":{"type":"branch","line":73,"loc":{"start":{"line":73,"column":45},"end":{"line":73,"column":58}},"locations":[{"start":{"line":73,"column":45},"end":{"line":73,"column":58}}]},"39":{"type":"branch","line":73,"loc":{"start":{"line":73,"column":57},"end":{"line":75,"column":21}},"locations":[{"start":{"line":73,"column":57},"end":{"line":75,"column":21}}]},"40":{"type":"branch","line":75,"loc":{"start":{"line":75,"column":36},"end":{"line":76,"column":31}},"locations":[{"start":{"line":75,"column":36},"end":{"line":76,"column":31}}]},"41":{"type":"branch","line":76,"loc":{"start":{"line":76,"column":32},"end":{"line":77,"column":32}},"locations":[{"start":{"line":76,"column":32},"end":{"line":77,"column":32}}]},"42":{"type":"branch","line":77,"loc":{"start":{"line":77,"column":33},"end":{"line":78,"column":38}},"locations":[{"start":{"line":77,"column":33},"end":{"line":78,"column":38}}]}},"b":{"0":[6],"1":[5],"2":[4],"3":[6],"4":[2],"5":[4],"6":[3],"7":[4],"8":[1],"9":[4],"10":[2],"11":[4],"12":[2],"13":[4],"14":[1],"15":[4],"16":[1],"17":[3],"18":[1],"19":[2],"20":[1],"21":[5],"22":[4],"23":[2],"24":[3],"25":[2],"26":[1],"27":[2],"28":[1],"29":[1],"30":[2],"31":[5],"32":[1],"33":[4],"34":[2],"35":[6],"36":[7],"37":[6],"38":[2],"39":[5],"40":[4],"41":[3],"42":[2]},"fnMap":{"0":{"name":"passwordsMatch","decl":{"start":{"line":12,"column":7},"end":{"line":16,"column":1}},"loc":{"start":{"line":12,"column":7},"end":{"line":16,"column":1}},"line":12},"1":{"name":"getPasswordStrength","decl":{"start":{"line":23,"column":7},"end":{"line":36,"column":1}},"loc":{"start":{"line":23,"column":7},"end":{"line":36,"column":1}},"line":23},"2":{"name":"sanitizeUserForm","decl":{"start":{"line":43,"column":7},"end":{"line":51,"column":1}},"loc":{"start":{"line":43,"column":7},"end":{"line":51,"column":1}},"line":43},"3":{"name":"getFieldError","decl":{"start":{"line":59,"column":7},"end":{"line":65,"column":1}},"loc":{"start":{"line":59,"column":7},"end":{"line":65,"column":1}},"line":59},"4":{"name":"isFormReady","decl":{"start":{"line":72,"column":7},"end":{"line":80,"column":1}},"loc":{"start":{"line":72,"column":7},"end":{"line":80,"column":1}},"line":72}},"f":{"0":6,"1":6,"2":5,"3":5,"4":7}}
,"C:\\Users\\GMI\\Desktop\\tp_test\\test_logiciel_GL4\\user-management-app\\frontend\\src\\utils\\userUtils.js": {"path":"C:\\Users\\GMI\\Desktop\\tp_test\\test_logiciel_GL4\\user-management-app\\frontend\\src\\utils\\userUtils.js","all":false,"statementMap":{"0":{"start":{"line":1,"column":0},"end":{"line":1,"column":25}},"1":{"start":{"line":2,"column":0},"end":{"line":2,"column":80}},"2":{"start":{"line":3,"column":0},"end":{"line":3,"column":80}},"3":{"start":{"line":4,"column":0},"end":{"line":4,"column":80}},"4":{"start":{"line":5,"column":0},"end":{"line":5,"column":0}},"5":{"start":{"line":6,"column":0},"end":{"line":6,"column":3}},"6":{"start":{"line":7,"column":0},"end":{"line":7,"column":54}},"7":{"start":{"line":8,"column":0},"end":{"line":8,"column":59}},"8":{"start":{"line":9,"column":0},"end":{"line":9,"column":56}},"9":{"start":{"line":10,"column":0},"end":{"line":10,"column":3}},"10":{"start":{"line":11,"column":0},"end":{"line":11,"column":35}},"11":{"start":{"line":12,"column":0},"end":{"line":12,"column":53}},"12":{"start":{"line":13,"column":0},"end":{"line":13,"column":58}},"13":{"start":{"line":14,"column":0},"end":{"line":14,"column":13}},"14":{"start":{"line":15,"column":0},"end":{"line":15,"column":11}},"15":{"start":{"line":16,"column":0},"end":{"line":16,"column":17}},"16":{"start":{"line":17,"column":0},"end":{"line":17,"column":20}},"17":{"start":{"line":18,"column":0},"end":{"line":18,"column":16}},"18":{"start":{"line":19,"column":0},"end":{"line":19,"column":41}},"19":{"start":{"line":20,"column":0},"end":{"line":20,"column":14}},"20":{"start":{"line":21,"column":0},"end":{"line":21,"column":1}},"21":{"start":{"line":22,"column":0},"end":{"line":22,"column":0}},"22":{"start":{"line":23,"column":0},"end":{"line":23,"column":3}},"23":{"start":{"line":24,"column":0},"end":{"line":24,"column":47}},"24":{"start":{"line":25,"column":0},"end":{"line":25,"column":43}},"25":{"start":{"line":26,"column":0},"end":{"line":26,"column":41}},"26":{"start":{"line":27,"column":0},"end":{"line":27,"column":3}},"27":{"start":{"line":28,"column":0},"end":{"line":28,"column":41}},"28":{"start":{"line":29,"column":0},"end":{"line":29,"column":18}},"29":{"start":{"line":30,"column":0},"end":{"line":30,"column":21}},"30":{"start":{"line":31,"column":0},"end":{"line":31,"column":24}},"31":{"start":{"line":32,"column":0},"end":{"line":32,"column":22}},"32":{"start":{"line":33,"column":0},"end":{"line":33,"column":4}},"33":{"start":{"line":34,"column":0},"end":{"line":34,"column":32}},"34":{"start":{"line":35,"column":0},"end":{"line":35,"column":1}},"35":{"start":{"line":36,"column":0},"end":{"line":36,"column":0}},"36":{"start":{"line":37,"column":0},"end":{"line":37,"column":3}},"37":{"start":{"line":38,"column":0},"end":{"line":38,"column":62}},"38":{"start":{"line":39,"column":0},"end":{"line":39,"column":28}},"39":{"start":{"line":40,"column":0},"end":{"line":40,"column":43}},"40":{"start":{"line":41,"column":0},"end":{"line":41,"column":3}},"41":{"start":{"line":42,"column":0},"end":{"line":42,"column":41}},"42":{"start":{"line":43,"column":0},"end":{"line":43,"column":27}},"43":{"start":{"line":44,"column":0},"end":{"line":44,"column":59}},"44":{"start":{"line":45,"column":0},"end":{"line":45,"column":40}},"45":{"start":{"line":46,"column":0},"end":{"line":46,"column":21}},"46":{"start":{"line":47,"column":0},"end":{"line":47,"column":18}},"47":{"start":{"line":48,"column":0},"end":{"line":48,"column":21}},"48":{"start":{"line":49,"column":0},"end":{"line":49,"column":5}},"49":{"start":{"line":50,"column":0},"end":{"line":50,"column":1}},"50":{"start":{"line":51,"column":0},"end":{"line":51,"column":0}},"51":{"start":{"line":52,"column":0},"end":{"line":52,"column":3}},"52":{"start":{"line":53,"column":0},"end":{"line":53,"column":62}},"53":{"start":{"line":54,"column":0},"end":{"line":54,"column":49}},"54":{"start":{"line":55,"column":0},"end":{"line":55,"column":24}},"55":{"start":{"line":56,"column":0},"end":{"line":56,"column":20}},"56":{"start":{"line":57,"column":0},"end":{"line":57,"column":3}},"57":{"start":{"line":58,"column":0},"end":{"line":58,"column":34}},"58":{"start":{"line":59,"column":0},"end":{"line":59,"column":56}},"59":{"start":{"line":60,"column":0},"end":{"line":60,"column":38}},"60":{"start":{"line":61,"column":0},"end":{"line":61,"column":43}},"61":{"start":{"line":62,"column":0},"end":{"line":62,"column":58}},"62":{"start":{"line":63,"column":0},"end":{"line":63,"column":45}},"63":{"start":{"line":64,"column":0},"end":{"line":64,"column":1}},"64":{"start":{"line":65,"column":0},"end":{"line":65,"column":0}},"65":{"start":{"line":66,"column":0},"end":{"line":66,"column":3}},"66":{"start":{"line":67,"column":0},"end":{"line":67,"column":53}},"67":{"start":{"line":68,"column":0},"end":{"line":68,"column":33}},"68":{"start":{"line":69,"column":0},"end":{"line":69,"column":33}},"69":{"start":{"line":70,"column":0},"end":{"line":70,"column":40}},"70":{"start":{"line":71,"column":0},"end":{"line":71,"column":3}},"71":{"start":{"line":72,"column":0},"end":{"line":72,"column":55}},"72":{"start":{"line":73,"column":0},"end":{"line":73,"column":75}},"73":{"start":{"line":74,"column":0},"end":{"line":74,"column":42}},"74":{"start":{"line":75,"column":0},"end":{"line":75,"column":55}},"75":{"start":{"line":76,"column":0},"end":{"line":76,"column":36}},"76":{"start":{"line":77,"column":0},"end":{"line":77,"column":51}},"77":{"start":{"line":78,"column":0},"end":{"line":78,"column":40}},"78":{"start":{"line":79,"column":0},"end":{"line":79,"column":5}},"79":{"start":{"line":80,"column":0},"end":{"line":80,"column":1}},"80":{"start":{"line":81,"column":0},"end":{"line":81,"column":0}},"81":{"start":{"line":82,"column":0},"end":{"line":82,"column":3}},"82":{"start":{"line":83,"column":0},"end":{"line":83,"column":70}},"83":{"start":{"line":84,"column":0},"end":{"line":84,"column":81}},"84":{"start":{"line":85,"column":0},"end":{"line":85,"column":91}},"85":{"start":{"line":86,"column":0},"end":{"line":86,"column":3}},"86":{"start":{"line":87,"column":0},"end":{"line":87,"column":37}},"87":{"start":{"line":88,"column":0},"end":{"line":88,"column":74}},"88":{"start":{"line":89,"column":0},"end":{"line":89,"column":10}},"89":{"start":{"line":90,"column":0},"end":{"line":90,"column":40}},"90":{"start":{"line":91,"column":0},"end":{"line":91,"column":39}},"91":{"start":{"line":92,"column":0},"end":{"line":92,"column":46}},"92":{"start":{"line":93,"column":0},"end":{"line":93,"column":51}},"93":{"start":{"line":94,"column":0},"end":{"line":94,"column":4}},"94":{"start":{"line":95,"column":0},"end":{"line":95,"column":1}}},"s":{"0":1,"1":1,"2":1,"3":1,"4":1,"5":1,"6":1,"7":1,"8":1,"9":1,"10":1,"11":10,"12":10,"13":7,"14":7,"15":7,"16":7,"17":7,"18":7,"19":7,"20":7,"21":1,"22":1,"23":1,"24":1,"25":1,"26":1,"27":1,"28":8,"29":8,"30":8,"31":8,"32":8,"33":8,"34":8,"35":1,"36":1,"37":1,"38":1,"39":1,"40":1,"41":1,"42":5,"43":5,"44":4,"45":4,"46":4,"47":4,"48":4,"49":4,"50":1,"51":1,"52":1,"53":1,"54":1,"55":1,"56":1,"57":1,"58":8,"59":8,"60":6,"61":8,"62":5,"63":5,"64":1,"65":1,"66":1,"67":1,"68":1,"69":1,"70":1,"71":1,"72":5,"73":5,"74":5,"75":4,"76":16,"77":16,"78":4,"79":4,"80":1,"81":1,"82":1,"83":1,"84":1,"85":1,"86":1,"87":3,"88":2,"89":2,"90":2,"91":2,"92":2,"93":2,"94":2},"branchMap":{"0":{"type":"branch","line":11,"loc":{"start":{"line":11,"column":7},"end":{"line":21,"column":1}},"locations":[{"start":{"line":11,"column":7},"end":{"line":21,"column":1}}]},"1":{"type":"branch","line":12,"loc":{"start":{"line":12,"column":31},"end":{"line":12,"column":52}},"locations":[{"start":{"line":12,"column":31},"end":{"line":12,"column":52}}]},"2":{"type":"branch","line":13,"loc":{"start":{"line":13,"column":4},"end":{"line":13,"column":58}},"locations":[{"start":{"line":13,"column":4},"end":{"line":13,"column":58}}]},"3":{"type":"branch","line":13,"loc":{"start":{"line":13,"column":57},"end":{"line":21,"column":1}},"locations":[{"start":{"line":13,"column":57},"end":{"line":21,"column":1}}]},"4":{"type":"branch","line":19,"loc":{"start":{"line":19,"column":9},"end":{"line":19,"column":40}},"locations":[{"start":{"line":19,"column":9},"end":{"line":19,"column":40}}]},"5":{"type":"branch","line":28,"loc":{"start":{"line":28,"column":7},"end":{"line":35,"column":1}},"locations":[{"start":{"line":28,"column":7},"end":{"line":35,"column":1}}]},"6":{"type":"branch","line":34,"loc":{"start":{"line":34,"column":22},"end":{"line":34,"column":31}},"locations":[{"start":{"line":34,"column":22},"end":{"line":34,"column":31}}]},"7":{"type":"branch","line":42,"loc":{"start":{"line":42,"column":7},"end":{"line":50,"column":1}},"locations":[{"start":{"line":42,"column":7},"end":{"line":50,"column":1}}]},"8":{"type":"branch","line":44,"loc":{"start":{"line":44,"column":26},"end":{"line":44,"column":59}},"locations":[{"start":{"line":44,"column":26},"end":{"line":44,"column":59}}]},"9":{"type":"branch","line":44,"loc":{"start":{"line":44,"column":58},"end":{"line":50,"column":1}},"locations":[{"start":{"line":44,"column":58},"end":{"line":50,"column":1}}]},"10":{"type":"branch","line":58,"loc":{"start":{"line":58,"column":7},"end":{"line":64,"column":1}},"locations":[{"start":{"line":58,"column":7},"end":{"line":64,"column":1}}]},"11":{"type":"branch","line":59,"loc":{"start":{"line":59,"column":32},"end":{"line":59,"column":55}},"locations":[{"start":{"line":59,"column":32},"end":{"line":59,"column":55}}]},"12":{"type":"branch","line":60,"loc":{"start":{"line":60,"column":4},"end":{"line":60,"column":38}},"locations":[{"start":{"line":60,"column":4},"end":{"line":60,"column":38}}]},"13":{"type":"branch","line":60,"loc":{"start":{"line":60,"column":37},"end":{"line":62,"column":24}},"locations":[{"start":{"line":60,"column":37},"end":{"line":62,"column":24}}]},"14":{"type":"branch","line":62,"loc":{"start":{"line":62,"column":24},"end":{"line":62,"column":58}},"locations":[{"start":{"line":62,"column":24},"end":{"line":62,"column":58}}]},"15":{"type":"branch","line":62,"loc":{"start":{"line":62,"column":57},"end":{"line":64,"column":1}},"locations":[{"start":{"line":62,"column":57},"end":{"line":64,"column":1}}]},"16":{"type":"branch","line":72,"loc":{"start":{"line":72,"column":7},"end":{"line":80,"column":1}},"locations":[{"start":{"line":72,"column":7},"end":{"line":80,"column":1}}]},"17":{"type":"branch","line":73,"loc":{"start":{"line":73,"column":29},"end":{"line":73,"column":75}},"locations":[{"start":{"line":73,"column":29},"end":{"line":73,"column":75}}]},"18":{"type":"branch","line":74,"loc":{"start":{"line":74,"column":22},"end":{"line":74,"column":41}},"locations":[{"start":{"line":74,"column":22},"end":{"line":74,"column":41}}]},"19":{"type":"branch","line":75,"loc":{"start":{"line":75,"column":4},"end":{"line":75,"column":55}},"locations":[{"start":{"line":75,"column":4},"end":{"line":75,"column":55}}]},"20":{"type":"branch","line":75,"loc":{"start":{"line":75,"column":54},"end":{"line":80,"column":1}},"locations":[{"start":{"line":75,"column":54},"end":{"line":80,"column":1}}]},"21":{"type":"branch","line":76,"loc":{"start":{"line":76,"column":25},"end":{"line":79,"column":3}},"locations":[{"start":{"line":76,"column":25},"end":{"line":79,"column":3}}]},"22":{"type":"branch","line":78,"loc":{"start":{"line":78,"column":27},"end":{"line":78,"column":32}},"locations":[{"start":{"line":78,"column":27},"end":{"line":78,"column":32}}]},"23":{"type":"branch","line":78,"loc":{"start":{"line":78,"column":33},"end":{"line":78,"column":39}},"locations":[{"start":{"line":78,"column":33},"end":{"line":78,"column":39}}]},"24":{"type":"branch","line":87,"loc":{"start":{"line":87,"column":7},"end":{"line":95,"column":1}},"locations":[{"start":{"line":87,"column":7},"end":{"line":95,"column":1}}]},"25":{"type":"branch","line":88,"loc":{"start":{"line":88,"column":12},"end":{"line":88,"column":39}},"locations":[{"start":{"line":88,"column":12},"end":{"line":88,"column":39}}]},"26":{"type":"branch","line":88,"loc":{"start":{"line":88,"column":41},"end":{"line":88,"column":74}},"locations":[{"start":{"line":88,"column":41},"end":{"line":88,"column":74}}]},"27":{"type":"branch","line":88,"loc":{"start":{"line":88,"column":73},"end":{"line":95,"column":1}},"locations":[{"start":{"line":88,"column":73},"end":{"line":95,"column":1}}]}},"b":{"0":[10],"1":[8],"2":[3],"3":[7],"4":[13],"5":[8],"6":[3],"7":[5],"8":[1],"9":[4],"10":[8],"11":[7],"12":[2],"13":[6],"14":[1],"15":[5],"16":[5],"17":[0],"18":[2],"19":[1],"20":[4],"21":[16],"22":[10],"23":[6],"24":[3],"25":[2],"26":[1],"27":[2]},"fnMap":{"0":{"name":"getInitials","decl":{"start":{"line":11,"column":7},"end":{"line":21,"column":1}},"loc":{"start":{"line":11,"column":7},"end":{"line":21,"column":1}},"line":11},"1":{"name":"getRoleBadgeColor","decl":{"start":{"line":28,"column":7},"end":{"line":35,"column":1}},"loc":{"start":{"line":28,"column":7},"end":{"line":35,"column":1}},"line":28},"2":{"name":"formatMemberSince","decl":{"start":{"line":42,"column":7},"end":{"line":50,"column":1}},"loc":{"start":{"line":42,"column":7},"end":{"line":50,"column":1}},"line":42},"3":{"name":"maskEmail","decl":{"start":{"line":58,"column":7},"end":{"line":64,"column":1}},"loc":{"start":{"line":58,"column":7},"end":{"line":64,"column":1}},"line":58},"4":{"name":"sortUsersByName","decl":{"start":{"line":72,"column":7},"end":{"line":80,"column":1}},"loc":{"start":{"line":72,"column":7},"end":{"line":80,"column":1}},"line":72},"5":{"name":"buildUserCard","decl":{"start":{"line":87,"column":7},"end":{"line":95,"column":1}},"loc":{"start":{"line":87,"column":7},"end":{"line":95,"column":1}},"line":87}},"f":{"0":10,"1":8,"2":5,"3":8,"4":5,"5":3}}
}
