{"C:\\Users\\GMI\\Desktop\\tp_test\\test_logiciel_GL4\\user-management-app\\backend\\src\\apiService.js": {"path":"C:\\Users\\GMI\\Desktop\\tp_test\\test_logiciel_GL4\\user-management-app\\backend\\src\\apiService.js","all":false,"statementMap":{"0":{"start":{"line":1,"column":0},"end":{"line":1,"column":20}},"1":{"start":{"line":2,"column":0},"end":{"line":2,"column":80}},"2":{"start":{"line":3,"column":0},"end":{"line":3,"column":72}},"3":{"start":{"line":4,"column":0},"end":{"line":4,"column":80}},"4":{"start":{"line":5,"column":0},"end":{"line":5,"column":0}},"5":{"start":{"line":6,"column":0},"end":{"line":6,"column":3}},"6":{"start":{"line":7,"column":0},"end":{"line":7,"column":63}},"7":{"start":{"line":8,"column":0},"end":{"line":8,"column":60}},"8":{"start":{"line":9,"column":0},"end":{"line":9,"column":3}},"9":{"start":{"line":10,"column":0},"end":{"line":10,"column":41}},"10":{"start":{"line":11,"column":0},"end":{"line":11,"column":61}},"11":{"start":{"line":12,"column":0},"end":{"line":12,"column":19}},"12":{"start":{"line":13,"column":0},"end":{"line":13,"column":63}},"13":{"start":{"line":14,"column":0},"end":{"line":14,"column":37}},"14":{"start":{"line":15,"column":0},"end":{"line":15,"column":25}},"15":{"start":{"line":16,"column":0},"end":{"line":16,"column":1}},"16":{"start":{"line":17,"column":0},"end":{"line":17,"column":0}},"17":{"start":{"line":18,"column":0},"end":{"line":18,"column":3}},"18":{"start":{"line":19,"column":0},"end":{"line":19,"column":50}},"19":{"start":{"line":20,"column":0},"end":{"line":20,"column":56}},"20":{"start":{"line":21,"column":0},"end":{"line":21,"column":28}},"21":{"start":{"line":22,"column":0},"end":{"line":22,"column":3}},"22":{"start":{"line":23,"column":0},"end":{"line":23,"column":53}},"23":{"start":{"line":24,"column":0},"end":{"line":24,"column":60}},"24":{"start":{"line":25,"column":0},"end":{"line":25,"column":64}},"25":{"start":{"line":26,"column":0},"end":{"line":26,"column":78}},"26":{"start":{"line":27,"column":0},"end":{"line":27,"column":19}},"27":{"start":{"line":28,"column":0},"end":{"line":28,"column":63}},"28":{"start":{"line":29,"column":0},"end":{"line":29,"column":37}},"29":{"start":{"line":30,"column":0},"end":{"line":30,"column":22}},"30":{"start":{"line":31,"column":0},"end":{"line":31,"column":1}},"31":{"start":{"line":32,"column":0},"end":{"line":32,"column":0}},"32":{"start":{"line":33,"column":0},"end":{"line":33,"column":3}},"33":{"start":{"line":34,"column":0},"end":{"line":34,"column":55}},"34":{"start":{"line":35,"column":0},"end":{"line":35,"column":66}},"35":{"start":{"line":36,"column":0},"end":{"line":36,"column":57}},"36":{"start":{"line":37,"column":0},"end":{"line":37,"column":3}},"37":{"start":{"line":38,"column":0},"end":{"line":38,"column":50}},"38":{"start":{"line":39,"column":0},"end":{"line":39,"column":42}},"39":{"start":{"line":40,"column":0},"end":{"line":40,"column":55}},"40":{"start":{"line":41,"column":0},"end":{"line":41,"column":78}},"41":{"start":{"line":42,"column":0},"end":{"line":42,"column":19}},"42":{"start":{"line":43,"column":0},"end":{"line":43,"column":52}},"43":{"start":{"line":44,"column":0},"end":{"line":44,"column":35}},"44":{"start":{"line":45,"column":0},"end":{"line":45,"column":5}},"45":{"start":{"line":46,"column":0},"end":{"line":46,"column":19}},"46":{"start":{"line":47,"column":0},"end":{"line":47,"column":61}},"47":{"start":{"line":48,"column":0},"end":{"line":48,"column":31}},"48":{"start":{"line":49,"column":0},"end":{"line":49,"column":1}},"49":{"start":{"line":50,"column":0},"end":{"line":50,"column":0}},"50":{"start":{"line":51,"column":0},"end":{"line":51,"column":3}},"51":{"start":{"line":52,"column":0},"end":{"line":52,"column":49}},"52":{"start":{"line":53,"column":0},"end":{"line":53,"column":21}},"53":{"start":{"line":54,"column":0},"end":{"line":54,"column":29}},"54":{"start":{"line":55,"column":0},"end":{"line":55,"column":3}},"55":{"start":{"line":56,"column":0},"end":{"line":56,"column":44}},"56":{"start":{"line":57,"column":0},"end":{"line":57,"column":40}},"57":{"start":{"line":58,"column":0},"end":{"line":58,"column":47}},"58":{"start":{"line":59,"column":0},"end":{"line":59,"column":83}},"59":{"start":{"line":60,"column":0},"end":{"line":60,"column":19}},"60":{"start":{"line":61,"column":0},"end":{"line":61,"column":73}},"61":{"start":{"line":62,"column":0},"end":{"line":62,"column":31}},"62":{"start":{"line":63,"column":0},"end":{"line":63,"column":1}}},"s":{"0":1,"1":1,"2":1,"3":1,"4":1,"5":1,"6":1,"7":1,"8":1,"9":1,"10":3,"11":3,"12":3,"13":2,"14":2,"15":2,"16":1,"17":1,"18":1,"19":1,"20":1,"21":1,"22":1,"23":5,"24":5,"25":3,"26":3,"27":5,"28":2,"29":2,"30":2,"31":1,"32":1,"33":1,"34":1,"35":1,"36":1,"37":1,"38":5,"39":5,"40":3,"41":3,"42":3,"43":3,"44":3,"45":3,"46":5,"47":2,"48":2,"49":1,"50":1,"51":1,"52":1,"53":1,"54":1,"55":1,"56":5,"57":5,"58":2,"59":2,"60":5,"61":1,"62":1},"branchMap":{"0":{"type":"branch","line":10,"loc":{"start":{"line":10,"column":7},"end":{"line":16,"column":1}},"locations":[{"start":{"line":10,"column":7},"end":{"line":16,"column":1}}]},"1":{"type":"branch","line":13,"loc":{"start":{"line":13,"column":4},"end":{"line":13,"column":63}},"locations":[{"start":{"line":13,"column":4},"end":{"line":13,"column":63}}]},"2":{"type":"branch","line":13,"loc":{"start":{"line":13,"column":62},"end":{"line":16,"column":1}},"locations":[{"start":{"line":13,"column":62},"end":{"line":16,"column":1}}]},"3":{"type":"branch","line":23,"loc":{"start":{"line":23,"column":7},"end":{"line":31,"column":1}},"locations":[{"start":{"line":23,"column":7},"end":{"line":31,"column":1}}]},"4":{"type":"branch","line":24,"loc":{"start":{"line":24,"column":45},"end":{"line":24,"column":59}},"locations":[{"start":{"line":24,"column":45},"end":{"line":24,"column":59}}]},"5":{"type":"branch","line":25,"loc":{"start":{"line":25,"column":4},"end":{"line":25,"column":64}},"locations":[{"start":{"line":25,"column":4},"end":{"line":25,"column":64}}]},"6":{"type":"branch","line":25,"loc":{"start":{"line":25,"column":63},"end":{"line":28,"column":4}},"locations":[{"start":{"line":25,"column":63},"end":{"line":28,"column":4}}]},"7":{"type":"branch","line":28,"loc":{"start":{"line":28,"column":4},"end":{"line":28,"column":63}},"locations":[{"start":{"line":28,"column":4},"end":{"line":28,"column":63}}]},"8":{"type":"branch","line":28,"loc":{"start":{"line":28,"column":62},"end":{"line":31,"column":1}},"locations":[{"start":{"line":28,"column":62},"end":{"line":31,"column":1}}]},"9":{"type":"branch","line":38,"loc":{"start":{"line":38,"column":7},"end":{"line":49,"column":1}},"locations":[{"start":{"line":38,"column":7},"end":{"line":49,"column":1}}]},"10":{"type":"branch","line":39,"loc":{"start":{"line":39,"column":22},"end":{"line":39,"column":41}},"locations":[{"start":{"line":39,"column":22},"end":{"line":39,"column":41}}]},"11":{"type":"branch","line":40,"loc":{"start":{"line":40,"column":4},"end":{"line":40,"column":55}},"locations":[{"start":{"line":40,"column":4},"end":{"line":40,"column":55}}]},"12":{"type":"branch","line":40,"loc":{"start":{"line":40,"column":54},"end":{"line":47,"column":4}},"locations":[{"start":{"line":40,"column":54},"end":{"line":47,"column":4}}]},"13":{"type":"branch","line":47,"loc":{"start":{"line":47,"column":4},"end":{"line":47,"column":61}},"locations":[{"start":{"line":47,"column":4},"end":{"line":47,"column":61}}]},"14":{"type":"branch","line":47,"loc":{"start":{"line":47,"column":60},"end":{"line":49,"column":1}},"locations":[{"start":{"line":47,"column":60},"end":{"line":49,"column":1}}]},"15":{"type":"branch","line":56,"loc":{"start":{"line":56,"column":7},"end":{"line":63,"column":1}},"locations":[{"start":{"line":56,"column":7},"end":{"line":63,"column":1}}]},"16":{"type":"branch","line":57,"loc":{"start":{"line":57,"column":29},"end":{"line":57,"column":39}},"locations":[{"start":{"line":57,"column":29},"end":{"line":57,"column":39}}]},"17":{"type":"branch","line":58,"loc":{"start":{"line":58,"column":4},"end":{"line":58,"column":47}},"locations":[{"start":{"line":58,"column":4},"end":{"line":58,"column":47}}]},"18":{"type":"branch","line":58,"loc":{"start":{"line":58,"column":46},"end":{"line":61,"column":4}},"locations":[{"start":{"line":58,"column":46},"end":{"line":61,"column":4}}]},"19":{"type":"branch","line":61,"loc":{"start":{"line":61,"column":4},"end":{"line":63,"column":1}},"locations":[{"start":{"line":61,"column":4},"end":{"line":63,"column":1}}]}},"b":{"0":[3],"1":[1],"2":[2],"3":[5],"4":[4],"5":[2],"6":[3],"7":[1],"8":[2],"9":[5],"10":[4],"11":[2],"12":[3],"13":[1],"14":[2],"15":[5],"16":[4],"17":[3],"18":[2],"19":[1]},"fnMap":{"0":{"name":"fetchRandomUser","decl":{"start":{"line":10,"column":7},"end":{"line":16,"column":1}},"loc":{"start":{"line":10,"column":7},"end":{"line":16,"column":1}},"line":10},"1":{"name":"fetchMultipleUsers","decl":{"start":{"line":23,"column":7},"end":{"line":31,"column":1}},"loc":{"start":{"line":23,"column":7},"end":{"line":31,"column":1}},"line":23},"2":{"name":"createUserRemote","decl":{"start":{"line":38,"column":7},"end":{"line":49,"column":1}},"loc":{"start":{"line":38,"column":7},"end":{"line":49,"column":1}},"line":38},"3":{"name":"fetchUserProfile","decl":{"start":{"line":56,"column":7},"end":{"line":63,"column":1}},"loc":{"start":{"line":56,"column":7},"end":{"line":63,"column":1}},"line":56}},"f":{"0":3,"1":5,"2":5,"3":5}}
,"C:\\Users\\GMI\\Desktop\\tp_test\\test_logiciel_GL4\\user-management-app\\backend\\src\\authService.js": {"path":"C:\\Users\\GMI\\Desktop\\tp_test\\test_logiciel_GL4\\user-management-app\\backend\\src\\authService.js","all":false,"statementMap":{"0":{"start":{"line":1,"column":0},"end":{"line":1,"column":21}},"1":{"start":{"line":2,"column":0},"end":{"line":2,"column":80}},"2":{"start":{"line":3,"column":0},"end":{"line":3,"column":56}},"3":{"start":{"line":4,"column":0},"end":{"line":4,"column":80}},"4":{"start":{"line":5,"column":0},"end":{"line":5,"column":0}},"5":{"start":{"line":6,"column":0},"end":{"line":6,"column":3}},"6":{"start":{"line":7,"column":0},"end":{"line":7,"column":59}},"7":{"start":{"line":8,"column":0},"end":{"line":8,"column":28}},"8":{"start":{"line":9,"column":0},"end":{"line":9,"column":27}},"9":{"start":{"line":10,"column":0},"end":{"line":10,"column":20}},"10":{"start":{"line":11,"column":0},"end":{"line":11,"column":3}},"11":{"start":{"line":12,"column":0},"end":{"line":12,"column":53}},"12":{"start":{"line":13,"column":0},"end":{"line":13,"column":71}},"13":{"start":{"line":14,"column":0},"end":{"line":14,"column":27}},"14":{"start":{"line":15,"column":0},"end":{"line":15,"column":71}},"15":{"start":{"line":16,"column":0},"end":{"line":16,"column":60}},"16":{"start":{"line":17,"column":0},"end":{"line":17,"column":1}},"17":{"start":{"line":18,"column":0},"end":{"line":18,"column":0}},"18":{"start":{"line":19,"column":0},"end":{"line":19,"column":3}},"19":{"start":{"line":20,"column":0},"end":{"line":20,"column":80}},"20":{"start":{"line":21,"column":0},"end":{"line":21,"column":27}},"21":{"start":{"line":22,"column":0},"end":{"line":22,"column":23}},"22":{"start":{"line":23,"column":0},"end":{"line":23,"column":20}},"23":{"start":{"line":24,"column":0},"end":{"line":24,"column":3}},"24":{"start":{"line":25,"column":0},"end":{"line":25,"column":58}},"25":{"start":{"line":26,"column":0},"end":{"line":26,"column":60}},"26":{"start":{"line":27,"column":0},"end":{"line":27,"column":45}},"27":{"start":{"line":28,"column":0},"end":{"line":28,"column":57}},"28":{"start":{"line":29,"column":0},"end":{"line":29,"column":70}},"29":{"start":{"line":30,"column":0},"end":{"line":30,"column":1}},"30":{"start":{"line":31,"column":0},"end":{"line":31,"column":0}},"31":{"start":{"line":32,"column":0},"end":{"line":32,"column":3}},"32":{"start":{"line":33,"column":0},"end":{"line":33,"column":55}},"33":{"start":{"line":34,"column":0},"end":{"line":34,"column":27}},"34":{"start":{"line":35,"column":0},"end":{"line":35,"column":29}},"35":{"start":{"line":36,"column":0},"end":{"line":36,"column":23}},"36":{"start":{"line":37,"column":0},"end":{"line":37,"column":21}},"37":{"start":{"line":38,"column":0},"end":{"line":38,"column":3}},"38":{"start":{"line":39,"column":0},"end":{"line":39,"column":72}},"39":{"start":{"line":40,"column":0},"end":{"line":40,"column":48}},"40":{"start":{"line":41,"column":0},"end":{"line":41,"column":33}},"41":{"start":{"line":42,"column":0},"end":{"line":42,"column":1}},"42":{"start":{"line":43,"column":0},"end":{"line":43,"column":0}},"43":{"start":{"line":44,"column":0},"end":{"line":44,"column":3}},"44":{"start":{"line":45,"column":0},"end":{"line":45,"column":52}},"45":{"start":{"line":46,"column":0},"end":{"line":46,"column":40}},"46":{"start":{"line":47,"column":0},"end":{"line":47,"column":27}},"47":{"start":{"line":48,"column":0},"end":{"line":48,"column":31}},"48":{"start":{"line":49,"column":0},"end":{"line":49,"column":21}},"49":{"start":{"line":50,"column":0},"end":{"line":50,"column":3}},"50":{"start":{"line":51,"column":0},"end":{"line":51,"column":55}},"51":{"start":{"line":52,"column":0},"end":{"line":52,"column":56}},"52":{"start":{"line":53,"column":0},"end":{"line":53,"column":63}},"53":{"start":{"line":54,"column":0},"end":{"line":54,"column":37}},"54":{"start":{"line":55,"column":0},"end":{"line":55,"column":56}},"55":{"start":{"line":56,"column":0},"end":{"line":56,"column":1}},"56":{"start":{"line":57,"column":0},"end":{"line":57,"column":0}},"57":{"start":{"line":58,"column":0},"end":{"line":58,"column":3}},"58":{"start":{"line":59,"column":0},"end":{"line":59,"column":49}},"59":{"start":{"line":60,"column":0},"end":{"line":60,"column":60}},"60":{"start":{"line":61,"column":0},"end":{"line":61,"column":20}},"61":{"start":{"line":62,"column":0},"end":{"line":62,"column":3}},"62":{"start":{"line":63,"column":0},"end":{"line":63,"column":44}},"63":{"start":{"line":64,"column":0},"end":{"line":64,"column":73}},"64":{"start":{"line":65,"column":0},"end":{"line":65,"column":86}},"65":{"start":{"line":66,"column":0},"end":{"line":66,"column":49}},"66":{"start":{"line":67,"column":0},"end":{"line":67,"column":1}},"67":{"start":{"line":68,"column":0},"end":{"line":68,"column":0}},"68":{"start":{"line":69,"column":0},"end":{"line":69,"column":3}},"69":{"start":{"line":70,"column":0},"end":{"line":70,"column":29}},"70":{"start":{"line":71,"column":0},"end":{"line":71,"column":24}},"71":{"start":{"line":72,"column":0},"end":{"line":72,"column":57}},"72":{"start":{"line":73,"column":0},"end":{"line":73,"column":3}},"73":{"start":{"line":74,"column":0},"end":{"line":74,"column":43}},"74":{"start":{"line":75,"column":0},"end":{"line":75,"column":54}},"75":{"start":{"line":76,"column":0},"end":{"line":76,"column":38}},"76":{"start":{"line":77,"column":0},"end":{"line":77,"column":7}},"77":{"start":{"line":78,"column":0},"end":{"line":78,"column":70}},"78":{"start":{"line":79,"column":0},"end":{"line":79,"column":11}},"79":{"start":{"line":80,"column":0},"end":{"line":80,"column":38}},"80":{"start":{"line":81,"column":0},"end":{"line":81,"column":3}},"81":{"start":{"line":82,"column":0},"end":{"line":82,"column":1}},"82":{"start":{"line":83,"column":0},"end":{"line":83,"column":0}},"83":{"start":{"line":84,"column":0},"end":{"line":84,"column":3}},"84":{"start":{"line":85,"column":0},"end":{"line":85,"column":39}},"85":{"start":{"line":86,"column":0},"end":{"line":86,"column":58}},"86":{"start":{"line":87,"column":0},"end":{"line":87,"column":64}},"87":{"start":{"line":88,"column":0},"end":{"line":88,"column":21}},"88":{"start":{"line":89,"column":0},"end":{"line":89,"column":3}},"89":{"start":{"line":90,"column":0},"end":{"line":90,"column":66}},"90":{"start":{"line":91,"column":0},"end":{"line":91,"column":86}},"91":{"start":{"line":92,"column":0},"end":{"line":92,"column":40}},"92":{"start":{"line":93,"column":0},"end":{"line":93,"column":1}}},"s":{"0":1,"1":1,"2":1,"3":1,"4":1,"5":1,"6":1,"7":1,"8":1,"9":1,"10":1,"11":1,"12":6,"13":4,"14":4,"15":4,"16":4,"17":1,"18":1,"19":1,"20":1,"21":1,"22":1,"23":1,"24":1,"25":12,"26":12,"27":11,"28":11,"29":11,"30":1,"31":1,"32":1,"33":1,"34":1,"35":1,"36":1,"37":1,"38":1,"39":3,"40":3,"41":3,"42":1,"43":1,"44":1,"45":1,"46":1,"47":1,"48":1,"49":1,"50":1,"51":9,"52":9,"53":9,"54":7,"55":7,"56":1,"57":1,"58":1,"59":1,"60":1,"61":1,"62":1,"63":5,"64":3,"65":3,"66":3,"67":1,"68":1,"69":1,"70":1,"71":1,"72":1,"73":1,"74":4,"75":4,"76":3,"77":3,"78":4,"79":1,"80":1,"81":4,"82":1,"83":1,"84":1,"85":1,"86":1,"87":1,"88":1,"89":1,"90":5,"91":4,"92":4},"branchMap":{"0":{"type":"branch","line":12,"loc":{"start":{"line":12,"column":7},"end":{"line":17,"column":1}},"locations":[{"start":{"line":12,"column":7},"end":{"line":17,"column":1}}]},"1":{"type":"branch","line":13,"loc":{"start":{"line":13,"column":17},"end":{"line":13,"column":29}},"locations":[{"start":{"line":13,"column":17},"end":{"line":13,"column":29}}]},"2":{"type":"branch","line":13,"loc":{"start":{"line":13,"column":31},"end":{"line":13,"column":71}},"locations":[{"start":{"line":13,"column":31},"end":{"line":13,"column":71}}]},"3":{"type":"branch","line":13,"loc":{"start":{"line":13,"column":70},"end":{"line":17,"column":1}},"locations":[{"start":{"line":13,"column":70},"end":{"line":17,"column":1}}]},"4":{"type":"branch","line":14,"loc":{"start":{"line":14,"column":21},"end":{"line":15,"column":70}},"locations":[{"start":{"line":14,"column":21},"end":{"line":15,"column":70}}]},"5":{"type":"branch","line":25,"loc":{"start":{"line":25,"column":7},"end":{"line":30,"column":1}},"locations":[{"start":{"line":25,"column":7},"end":{"line":30,"column":1}}]},"6":{"type":"branch","line":27,"loc":{"start":{"line":27,"column":4},"end":{"line":27,"column":45}},"locations":[{"start":{"line":27,"column":4},"end":{"line":27,"column":45}}]},"7":{"type":"branch","line":27,"loc":{"start":{"line":27,"column":44},"end":{"line":30,"column":1}},"locations":[{"start":{"line":27,"column":44},"end":{"line":30,"column":1}}]},"8":{"type":"branch","line":39,"loc":{"start":{"line":39,"column":7},"end":{"line":42,"column":1}},"locations":[{"start":{"line":39,"column":7},"end":{"line":42,"column":1}}]},"9":{"type":"branch","line":51,"loc":{"start":{"line":51,"column":7},"end":{"line":56,"column":1}},"locations":[{"start":{"line":51,"column":7},"end":{"line":56,"column":1}}]},"10":{"type":"branch","line":53,"loc":{"start":{"line":53,"column":31},"end":{"line":53,"column":62}},"locations":[{"start":{"line":53,"column":31},"end":{"line":53,"column":62}}]},"11":{"type":"branch","line":54,"loc":{"start":{"line":54,"column":4},"end":{"line":54,"column":37}},"locations":[{"start":{"line":54,"column":4},"end":{"line":54,"column":37}}]},"12":{"type":"branch","line":54,"loc":{"start":{"line":54,"column":36},"end":{"line":56,"column":1}},"locations":[{"start":{"line":54,"column":36},"end":{"line":56,"column":1}}]},"13":{"type":"branch","line":63,"loc":{"start":{"line":63,"column":7},"end":{"line":67,"column":1}},"locations":[{"start":{"line":63,"column":7},"end":{"line":67,"column":1}}]},"14":{"type":"branch","line":64,"loc":{"start":{"line":64,"column":16},"end":{"line":64,"column":31}},"locations":[{"start":{"line":64,"column":16},"end":{"line":64,"column":31}}]},"15":{"type":"branch","line":64,"loc":{"start":{"line":64,"column":33},"end":{"line":64,"column":73}},"locations":[{"start":{"line":64,"column":33},"end":{"line":64,"column":73}}]},"16":{"type":"branch","line":64,"loc":{"start":{"line":64,"column":72},"end":{"line":67,"column":1}},"locations":[{"start":{"line":64,"column":72},"end":{"line":67,"column":1}}]},"17":{"type":"branch","line":74,"loc":{"start":{"line":74,"column":7},"end":{"line":82,"column":1}},"locations":[{"start":{"line":74,"column":7},"end":{"line":82,"column":1}}]},"18":{"type":"branch","line":76,"loc":{"start":{"line":76,"column":4},"end":{"line":76,"column":38}},"locations":[{"start":{"line":76,"column":4},"end":{"line":76,"column":38}}]},"19":{"type":"branch","line":76,"loc":{"start":{"line":76,"column":37},"end":{"line":79,"column":4}},"locations":[{"start":{"line":76,"column":37},"end":{"line":79,"column":4}}]},"20":{"type":"branch","line":79,"loc":{"start":{"line":79,"column":4},"end":{"line":81,"column":3}},"locations":[{"start":{"line":79,"column":4},"end":{"line":81,"column":3}}]},"21":{"type":"branch","line":90,"loc":{"start":{"line":90,"column":7},"end":{"line":93,"column":1}},"locations":[{"start":{"line":90,"column":7},"end":{"line":93,"column":1}}]},"22":{"type":"branch","line":91,"loc":{"start":{"line":91,"column":37},"end":{"line":91,"column":86}},"locations":[{"start":{"line":91,"column":37},"end":{"line":91,"column":86}}]},"23":{"type":"branch","line":91,"loc":{"start":{"line":91,"column":85},"end":{"line":93,"column":1}},"locations":[{"start":{"line":91,"column":85},"end":{"line":93,"column":1}}]}},"b":{"0":[6],"1":[5],"2":[2],"3":[4],"4":[8],"5":[12],"6":[1],"7":[11],"8":[3],"9":[9],"10":[8],"11":[2],"12":[7],"13":[5],"14":[4],"15":[2],"16":[3],"17":[4],"18":[1],"19":[3],"20":[1],"21":[5],"22":[1],"23":[4]},"fnMap":{"0":{"name":"formatFullName","decl":{"start":{"line":12,"column":7},"end":{"line":17,"column":1}},"loc":{"start":{"line":12,"column":7},"end":{"line":17,"column":1}},"line":12},"1":{"name":"capitalize","decl":{"start":{"line":14,"column":21},"end":{"line":15,"column":70}},"loc":{"start":{"line":14,"column":21},"end":{"line":15,"column":70}},"line":14},"2":{"name":"hashPassword","decl":{"start":{"line":25,"column":7},"end":{"line":30,"column":1}},"loc":{"start":{"line":25,"column":7},"end":{"line":30,"column":1}},"line":25},"3":{"name":"verifyPassword","decl":{"start":{"line":39,"column":7},"end":{"line":42,"column":1}},"loc":{"start":{"line":39,"column":7},"end":{"line":42,"column":1}},"line":39},"4":{"name":"hasPermission","decl":{"start":{"line":51,"column":7},"end":{"line":56,"column":1}},"loc":{"start":{"line":51,"column":7},"end":{"line":56,"column":1}},"line":51},"5":{"name":"generateSessionToken","decl":{"start":{"line":63,"column":7},"end":{"line":67,"column":1}},"loc":{"start":{"line":63,"column":7},"end":{"line":67,"column":1}},"line":63},"6":{"name":"decodeSessionToken","decl":{"start":{"line":74,"column":7},"end":{"line":82,"column":1}},"loc":{"start":{"line":74,"column":7},"end":{"line":82,"column":1}},"line":74},"7":{"name":"isSessionExpired","decl":{"start":{"line":90,"column":7},"end":{"line":93,"column":1}},"loc":{"start":{"line":90,"column":7},"end":{"line":93,"column":1}},"line":90}},"f":{"0":6,"1":8,"2":12,"3":3,"4":9,"5":5,"6":4,"7":5}}
,"C:\\Users\\GMI\\Desktop\\tp_test\\test_logiciel_GL4\\user-management-app\\backend\\src\\userService.js": {"path":"C:\\Users\\GMI\\Desktop\\tp_test\\test_logiciel_GL4\\user-management-app\\backend\\src\\userService.js","all":false,"statementMap":{"0":{"start":{"line":1,"column":0},"end":{"line":1,"column":21}},"1":{"start":{"line":2,"column":0},"end":{"line":2,"column":80}},"2":{"start":{"line":3,"column":0},"end":{"line":3,"column":66}},"3":{"start":{"line":4,"column":0},"end":{"line":4,"column":80}},"4":{"start":{"line":5,"column":0},"end":{"line":5,"column":0}},"5":{"start":{"line":6,"column":0},"end":{"line":6,"column":3}},"6":{"start":{"line":7,"column":0},"end":{"line":7,"column":43}},"7":{"start":{"line":8,"column":0},"end":{"line":8,"column":60}},"8":{"start":{"line":9,"column":0},"end":{"line":9,"column":50}},"9":{"start":{"line":10,"column":0},"end":{"line":10,"column":60}},"10":{"start":{"line":11,"column":0},"end":{"line":11,"column":3}},"11":{"start":{"line":12,"column":0},"end":{"line":12,"column":44}},"12":{"start":{"line":13,"column":0},"end":{"line":13,"column":75}},"13":{"start":{"line":14,"column":0},"end":{"line":14,"column":40}},"14":{"start":{"line":15,"column":0},"end":{"line":15,"column":55}},"15":{"start":{"line":16,"column":0},"end":{"line":16,"column":33}},"16":{"start":{"line":17,"column":0},"end":{"line":17,"column":64}},"17":{"start":{"line":18,"column":0},"end":{"line":18,"column":4}},"18":{"start":{"line":19,"column":0},"end":{"line":19,"column":65}},"19":{"start":{"line":20,"column":0},"end":{"line":20,"column":16}},"20":{"start":{"line":21,"column":0},"end":{"line":21,"column":19}},"21":{"start":{"line":22,"column":0},"end":{"line":22,"column":30}},"22":{"start":{"line":23,"column":0},"end":{"line":23,"column":46}},"23":{"start":{"line":24,"column":0},"end":{"line":24,"column":33}},"24":{"start":{"line":25,"column":0},"end":{"line":25,"column":40}},"25":{"start":{"line":26,"column":0},"end":{"line":26,"column":4}},"26":{"start":{"line":27,"column":0},"end":{"line":27,"column":26}},"27":{"start":{"line":28,"column":0},"end":{"line":28,"column":1}},"28":{"start":{"line":29,"column":0},"end":{"line":29,"column":0}},"29":{"start":{"line":30,"column":0},"end":{"line":30,"column":3}},"30":{"start":{"line":31,"column":0},"end":{"line":31,"column":35}},"31":{"start":{"line":32,"column":0},"end":{"line":32,"column":30}},"32":{"start":{"line":33,"column":0},"end":{"line":33,"column":28}},"33":{"start":{"line":34,"column":0},"end":{"line":34,"column":30}},"34":{"start":{"line":35,"column":0},"end":{"line":35,"column":3}},"35":{"start":{"line":36,"column":0},"end":{"line":36,"column":41}},"36":{"start":{"line":37,"column":0},"end":{"line":37,"column":75}},"37":{"start":{"line":38,"column":0},"end":{"line":38,"column":40}},"38":{"start":{"line":39,"column":0},"end":{"line":39,"column":1}},"39":{"start":{"line":40,"column":0},"end":{"line":40,"column":0}},"40":{"start":{"line":41,"column":0},"end":{"line":41,"column":3}},"41":{"start":{"line":42,"column":0},"end":{"line":42,"column":38}},"42":{"start":{"line":43,"column":0},"end":{"line":43,"column":24}},"43":{"start":{"line":44,"column":0},"end":{"line":44,"column":24}},"44":{"start":{"line":45,"column":0},"end":{"line":45,"column":30}},"45":{"start":{"line":46,"column":0},"end":{"line":46,"column":3}},"46":{"start":{"line":47,"column":0},"end":{"line":47,"column":47}},"47":{"start":{"line":48,"column":0},"end":{"line":48,"column":75}},"48":{"start":{"line":49,"column":0},"end":{"line":49,"column":79}},"49":{"start":{"line":50,"column":0},"end":{"line":50,"column":67}},"50":{"start":{"line":51,"column":0},"end":{"line":51,"column":1}},"51":{"start":{"line":52,"column":0},"end":{"line":52,"column":0}},"52":{"start":{"line":53,"column":0},"end":{"line":53,"column":3}},"53":{"start":{"line":54,"column":0},"end":{"line":54,"column":50}},"54":{"start":{"line":55,"column":0},"end":{"line":55,"column":30}},"55":{"start":{"line":56,"column":0},"end":{"line":56,"column":28}},"56":{"start":{"line":57,"column":0},"end":{"line":57,"column":52}},"57":{"start":{"line":58,"column":0},"end":{"line":58,"column":46}},"58":{"start":{"line":59,"column":0},"end":{"line":59,"column":3}},"59":{"start":{"line":60,"column":0},"end":{"line":60,"column":48}},"60":{"start":{"line":61,"column":0},"end":{"line":61,"column":75}},"61":{"start":{"line":62,"column":0},"end":{"line":62,"column":48}},"62":{"start":{"line":63,"column":0},"end":{"line":63,"column":74}},"63":{"start":{"line":64,"column":0},"end":{"line":64,"column":53}},"64":{"start":{"line":65,"column":0},"end":{"line":65,"column":62}},"65":{"start":{"line":66,"column":0},"end":{"line":66,"column":72}},"66":{"start":{"line":67,"column":0},"end":{"line":67,"column":1}},"67":{"start":{"line":68,"column":0},"end":{"line":68,"column":0}},"68":{"start":{"line":69,"column":0},"end":{"line":69,"column":3}},"69":{"start":{"line":70,"column":0},"end":{"line":70,"column":37}},"70":{"start":{"line":71,"column":0},"end":{"line":71,"column":30}},"71":{"start":{"line":72,"column":0},"end":{"line":72,"column":28}},"72":{"start":{"line":73,"column":0},"end":{"line":73,"column":62}},"73":{"start":{"line":74,"column":0},"end":{"line":74,"column":3}},"74":{"start":{"line":75,"column":0},"end":{"line":75,"column":39}},"75":{"start":{"line":76,"column":0},"end":{"line":76,"column":75}},"76":{"start":{"line":77,"column":0},"end":{"line":77,"column":48}},"77":{"start":{"line":78,"column":0},"end":{"line":78,"column":74}},"78":{"start":{"line":79,"column":0},"end":{"line":79,"column":42}},"79":{"start":{"line":80,"column":0},"end":{"line":80,"column":1}},"80":{"start":{"line":81,"column":0},"end":{"line":81,"column":0}},"81":{"start":{"line":82,"column":0},"end":{"line":82,"column":3}},"82":{"start":{"line":83,"column":0},"end":{"line":83,"column":35}},"83":{"start":{"line":84,"column":0},"end":{"line":84,"column":24}},"84":{"start":{"line":85,"column":0},"end":{"line":85,"column":57}},"85":{"start":{"line":86,"column":0},"end":{"line":86,"column":19}},"86":{"start":{"line":87,"column":0},"end":{"line":87,"column":3}},"87":{"start":{"line":88,"column":0},"end":{"line":88,"column":43}},"88":{"start":{"line":89,"column":0},"end":{"line":89,"column":75}},"89":{"start":{"line":90,"column":0},"end":{"line":90,"column":86}},"90":{"start":{"line":91,"column":0},"end":{"line":91,"column":46}},"91":{"start":{"line":92,"column":0},"end":{"line":92,"column":1}},"92":{"start":{"line":93,"column":0},"end":{"line":93,"column":0}},"93":{"start":{"line":94,"column":0},"end":{"line":94,"column":3}},"94":{"start":{"line":95,"column":0},"end":{"line":95,"column":61}},"95":{"start":{"line":96,"column":0},"end":{"line":96,"column":24}},"96":{"start":{"line":97,"column":0},"end":{"line":97,"column":24}},"97":{"start":{"line":98,"column":0},"end":{"line":98,"column":19}},"98":{"start":{"line":99,"column":0},"end":{"line":99,"column":3}},"99":{"start":{"line":100,"column":0},"end":{"line":100,"column":43}},"100":{"start":{"line":101,"column":0},"end":{"line":101,"column":75}},"101":{"start":{"line":102,"column":0},"end":{"line":102,"column":79}},"102":{"start":{"line":103,"column":0},"end":{"line":103,"column":45}},"103":{"start":{"line":104,"column":0},"end":{"line":104,"column":32}},"104":{"start":{"line":105,"column":0},"end":{"line":105,"column":22}},"105":{"start":{"line":106,"column":0},"end":{"line":106,"column":82}},"106":{"start":{"line":107,"column":0},"end":{"line":107,"column":4}},"107":{"start":{"line":108,"column":0},"end":{"line":108,"column":1}}},"s":{"0":1,"1":1,"2":1,"3":1,"4":1,"5":1,"6":1,"7":1,"8":1,"9":1,"10":1,"11":1,"12":8,"13":8,"14":8,"15":6,"16":6,"17":6,"18":8,"19":4,"20":4,"21":4,"22":4,"23":8,"24":8,"25":8,"26":8,"27":8,"28":1,"29":1,"30":1,"31":1,"32":1,"33":1,"34":1,"35":1,"36":3,"37":2,"38":2,"39":1,"40":1,"41":1,"42":1,"43":1,"44":1,"45":1,"46":1,"47":4,"48":4,"49":3,"50":3,"51":1,"52":1,"53":1,"54":1,"55":1,"56":1,"57":1,"58":1,"59":1,"60":5,"61":5,"62":5,"63":4,"64":4,"65":4,"66":4,"67":1,"68":1,"69":1,"70":1,"71":1,"72":1,"73":1,"74":1,"75":3,"76":3,"77":3,"78":2,"79":2,"80":1,"81":1,"82":1,"83":1,"84":1,"85":1,"86":1,"87":1,"88":5,"89":5,"90":4,"91":4,"92":1,"93":1,"94":1,"95":1,"96":1,"97":1,"98":1,"99":1,"100":5,"101":5,"102":5,"103":4,"104":4,"105":4,"106":4,"107":4},"branchMap":{"0":{"type":"branch","line":12,"loc":{"start":{"line":12,"column":7},"end":{"line":28,"column":1}},"locations":[{"start":{"line":12,"column":7},"end":{"line":28,"column":1}}]},"1":{"type":"branch","line":13,"loc":{"start":{"line":13,"column":29},"end":{"line":13,"column":75}},"locations":[{"start":{"line":13,"column":29},"end":{"line":13,"column":75}}]},"2":{"type":"branch","line":14,"loc":{"start":{"line":14,"column":21},"end":{"line":14,"column":39}},"locations":[{"start":{"line":14,"column":21},"end":{"line":14,"column":39}}]},"3":{"type":"branch","line":15,"loc":{"start":{"line":15,"column":4},"end":{"line":15,"column":55}},"locations":[{"start":{"line":15,"column":4},"end":{"line":15,"column":55}}]},"4":{"type":"branch","line":15,"loc":{"start":{"line":15,"column":54},"end":{"line":19,"column":19}},"locations":[{"start":{"line":15,"column":54},"end":{"line":19,"column":19}}]},"5":{"type":"branch","line":19,"loc":{"start":{"line":19,"column":19},"end":{"line":19,"column":65}},"locations":[{"start":{"line":19,"column":19},"end":{"line":19,"column":65}}]},"6":{"type":"branch","line":19,"loc":{"start":{"line":19,"column":64},"end":{"line":24,"column":23}},"locations":[{"start":{"line":19,"column":64},"end":{"line":24,"column":23}}]},"7":{"type":"branch","line":24,"loc":{"start":{"line":24,"column":23},"end":{"line":24,"column":32}},"locations":[{"start":{"line":24,"column":23},"end":{"line":24,"column":32}}]},"8":{"type":"branch","line":17,"loc":{"start":{"line":17,"column":4},"end":{"line":17,"column":64}},"locations":[{"start":{"line":17,"column":4},"end":{"line":17,"column":64}}]},"9":{"type":"branch","line":36,"loc":{"start":{"line":36,"column":7},"end":{"line":39,"column":1}},"locations":[{"start":{"line":36,"column":7},"end":{"line":39,"column":1}}]},"10":{"type":"branch","line":37,"loc":{"start":{"line":37,"column":29},"end":{"line":37,"column":75}},"locations":[{"start":{"line":37,"column":29},"end":{"line":37,"column":75}}]},"11":{"type":"branch","line":37,"loc":{"start":{"line":37,"column":74},"end":{"line":39,"column":1}},"locations":[{"start":{"line":37,"column":74},"end":{"line":39,"column":1}}]},"12":{"type":"branch","line":38,"loc":{"start":{"line":38,"column":20},"end":{"line":38,"column":38}},"locations":[{"start":{"line":38,"column":20},"end":{"line":38,"column":38}}]},"13":{"type":"branch","line":47,"loc":{"start":{"line":47,"column":7},"end":{"line":51,"column":1}},"locations":[{"start":{"line":47,"column":7},"end":{"line":51,"column":1}}]},"14":{"type":"branch","line":48,"loc":{"start":{"line":48,"column":29},"end":{"line":48,"column":75}},"locations":[{"start":{"line":48,"column":29},"end":{"line":48,"column":75}}]},"15":{"type":"branch","line":49,"loc":{"start":{"line":49,"column":33},"end":{"line":49,"column":79}},"locations":[{"start":{"line":49,"column":33},"end":{"line":49,"column":79}}]},"16":{"type":"branch","line":49,"loc":{"start":{"line":49,"column":78},"end":{"line":51,"column":1}},"locations":[{"start":{"line":49,"column":78},"end":{"line":51,"column":1}}]},"17":{"type":"branch","line":50,"loc":{"start":{"line":50,"column":20},"end":{"line":50,"column":65}},"locations":[{"start":{"line":50,"column":20},"end":{"line":50,"column":65}}]},"18":{"type":"branch","line":60,"loc":{"start":{"line":60,"column":7},"end":{"line":67,"column":1}},"locations":[{"start":{"line":60,"column":7},"end":{"line":67,"column":1}}]},"19":{"type":"branch","line":61,"loc":{"start":{"line":61,"column":29},"end":{"line":61,"column":75}},"locations":[{"start":{"line":61,"column":29},"end":{"line":61,"column":75}}]},"20":{"type":"branch","line":63,"loc":{"start":{"line":63,"column":15},"end":{"line":63,"column":74}},"locations":[{"start":{"line":63,"column":15},"end":{"line":63,"column":74}}]},"21":{"type":"branch","line":63,"loc":{"start":{"line":63,"column":73},"end":{"line":67,"column":1}},"locations":[{"start":{"line":63,"column":73},"end":{"line":67,"column":1}}]},"22":{"type":"branch","line":62,"loc":{"start":{"line":62,"column":28},"end":{"line":62,"column":46}},"locations":[{"start":{"line":62,"column":28},"end":{"line":62,"column":46}}]},"23":{"type":"branch","line":66,"loc":{"start":{"line":66,"column":19},"end":{"line":66,"column":70}},"locations":[{"start":{"line":66,"column":19},"end":{"line":66,"column":70}}]},"24":{"type":"branch","line":66,"loc":{"start":{"line":66,"column":39},"end":{"line":66,"column":65}},"locations":[{"start":{"line":66,"column":39},"end":{"line":66,"column":65}}]},"25":{"type":"branch","line":66,"loc":{"start":{"line":66,"column":66},"end":{"line":66,"column":69}},"locations":[{"start":{"line":66,"column":66},"end":{"line":66,"column":69}}]},"26":{"type":"branch","line":75,"loc":{"start":{"line":75,"column":7},"end":{"line":80,"column":1}},"locations":[{"start":{"line":75,"column":7},"end":{"line":80,"column":1}}]},"27":{"type":"branch","line":76,"loc":{"start":{"line":76,"column":29},"end":{"line":76,"column":75}},"locations":[{"start":{"line":76,"column":29},"end":{"line":76,"column":75}}]},"28":{"type":"branch","line":78,"loc":{"start":{"line":78,"column":15},"end":{"line":78,"column":74}},"locations":[{"start":{"line":78,"column":15},"end":{"line":78,"column":74}}]},"29":{"type":"branch","line":78,"loc":{"start":{"line":78,"column":73},"end":{"line":80,"column":1}},"locations":[{"start":{"line":78,"column":73},"end":{"line":80,"column":1}}]},"30":{"type":"branch","line":77,"loc":{"start":{"line":77,"column":28},"end":{"line":77,"column":46}},"locations":[{"start":{"line":77,"column":28},"end":{"line":77,"column":46}}]},"31":{"type":"branch","line":79,"loc":{"start":{"line":79,"column":22},"end":{"line":79,"column":40}},"locations":[{"start":{"line":79,"column":22},"end":{"line":79,"column":40}}]},"32":{"type":"branch","line":88,"loc":{"start":{"line":88,"column":7},"end":{"line":92,"column":1}},"locations":[{"start":{"line":88,"column":7},"end":{"line":92,"column":1}}]},"33":{"type":"branch","line":89,"loc":{"start":{"line":89,"column":29},"end":{"line":89,"column":75}},"locations":[{"start":{"line":89,"column":29},"end":{"line":89,"column":75}}]},"34":{"type":"branch","line":90,"loc":{"start":{"line":90,"column":12},"end":{"line":90,"column":39}},"locations":[{"start":{"line":90,"column":12},"end":{"line":90,"column":39}}]},"35":{"type":"branch","line":90,"loc":{"start":{"line":90,"column":41},"end":{"line":90,"column":86}},"locations":[{"start":{"line":90,"column":41},"end":{"line":90,"column":86}}]},"36":{"type":"branch","line":90,"loc":{"start":{"line":90,"column":85},"end":{"line":92,"column":1}},"locations":[{"start":{"line":90,"column":85},"end":{"line":92,"column":1}}]},"37":{"type":"branch","line":91,"loc":{"start":{"line":91,"column":22},"end":{"line":91,"column":44}},"locations":[{"start":{"line":91,"column":22},"end":{"line":91,"column":44}}]},"38":{"type":"branch","line":100,"loc":{"start":{"line":100,"column":7},"end":{"line":108,"column":1}},"locations":[{"start":{"line":100,"column":7},"end":{"line":108,"column":1}}]},"39":{"type":"branch","line":101,"loc":{"start":{"line":101,"column":29},"end":{"line":101,"column":75}},"locations":[{"start":{"line":101,"column":29},"end":{"line":101,"column":75}}]},"40":{"type":"branch","line":102,"loc":{"start":{"line":102,"column":33},"end":{"line":102,"column":79}},"locations":[{"start":{"line":102,"column":33},"end":{"line":102,"column":79}}]},"41":{"type":"branch","line":103,"loc":{"start":{"line":103,"column":27},"end":{"line":103,"column":45}},"locations":[{"start":{"line":103,"column":27},"end":{"line":103,"column":45}}]},"42":{"type":"branch","line":103,"loc":{"start":{"line":103,"column":44},"end":{"line":108,"column":1}},"locations":[{"start":{"line":103,"column":44},"end":{"line":108,"column":1}}]},"43":{"type":"branch","line":106,"loc":{"start":{"line":106,"column":4},"end":{"line":106,"column":82}},"locations":[{"start":{"line":106,"column":4},"end":{"line":106,"column":82}}]},"44":{"type":"branch","line":106,"loc":{"start":{"line":106,"column":45},"end":{"line":106,"column":82}},"locations":[{"start":{"line":106,"column":45},"end":{"line":106,"column":82}}]}},"b":{"0":[8],"1":[0],"2":[7],"3":[2],"4":[6],"5":[2],"6":[4],"7":[3],"8":[6],"9":[3],"10":[1],"11":[2],"12":[6],"13":[4],"14":[0],"15":[1],"16":[3],"17":[9],"18":[5],"19":[0],"20":[1],"21":[4],"22":[9],"23":[16],"24":[4],"25":[12],"26":[3],"27":[0],"28":[1],"29":[2],"30":[11],"31":[8],"32":[5],"33":[0],"34":[4],"35":[1],"36":[4],"37":[16],"38":[5],"39":[0],"40":[0],"41":[1],"42":[4],"43":[16],"44":[14]},"fnMap":{"0":{"name":"createUser","decl":{"start":{"line":12,"column":7},"end":{"line":28,"column":1}},"loc":{"start":{"line":12,"column":7},"end":{"line":28,"column":1}},"line":12},"1":{"name":"findUserById","decl":{"start":{"line":36,"column":7},"end":{"line":39,"column":1}},"loc":{"start":{"line":36,"column":7},"end":{"line":39,"column":1}},"line":36},"2":{"name":"findUserByEmail","decl":{"start":{"line":47,"column":7},"end":{"line":51,"column":1}},"loc":{"start":{"line":47,"column":7},"end":{"line":51,"column":1}},"line":47},"3":{"name":"updateUser","decl":{"start":{"line":60,"column":7},"end":{"line":67,"column":1}},"loc":{"start":{"line":60,"column":7},"end":{"line":67,"column":1}},"line":60},"4":{"name":"deleteUser","decl":{"start":{"line":75,"column":7},"end":{"line":80,"column":1}},"loc":{"start":{"line":75,"column":7},"end":{"line":80,"column":1}},"line":75},"5":{"name":"filterByRole","decl":{"start":{"line":88,"column":7},"end":{"line":92,"column":1}},"loc":{"start":{"line":88,"column":7},"end":{"line":92,"column":1}},"line":88},"6":{"name":"searchUsers","decl":{"start":{"line":100,"column":7},"end":{"line":108,"column":1}},"loc":{"start":{"line":100,"column":7},"end":{"line":108,"column":1}},"line":100}},"f":{"0":8,"1":3,"2":4,"3":5,"4":3,"5":5,"6":5}}
,"C:\\Users\\GMI\\Desktop\\tp_test\\test_logiciel_GL4\\user-management-app\\backend\\src\\userValidator.js": {"path":"C:\\Users\\GMI\\Desktop\\tp_test\\test_logiciel_GL4\\user-management-app\\backend\\src\\userValidator.js","all":false,"statementMap":{"0":{"start":{"line":1,"column":0},"end":{"line":1,"column":23}},"1":{"start":{"line":2,"column":0},"end":{"line":2,"column":80}},"2":{"start":{"line":3,"column":0},"end":{"line":3,"column":78}},"3":{"start":{"line":4,"column":0},"end":{"line":4,"column":80}},"4":{"start":{"line":5,"column":0},"end":{"line":5,"column":0}},"5":{"start":{"line":6,"column":0},"end":{"line":6,"column":3}},"6":{"start":{"line":7,"column":0},"end":{"line":7,"column":30}},"7":{"start":{"line":8,"column":0},"end":{"line":8,"column":24}},"8":{"start":{"line":9,"column":0},"end":{"line":9,"column":21}},"9":{"start":{"line":10,"column":0},"end":{"line":10,"column":3}},"10":{"start":{"line":11,"column":0},"end":{"line":11,"column":37}},"11":{"start":{"line":12,"column":0},"end":{"line":12,"column":46}},"12":{"start":{"line":13,"column":0},"end":{"line":13,"column":45}},"13":{"start":{"line":14,"column":0},"end":{"line":14,"column":34}},"14":{"start":{"line":15,"column":0},"end":{"line":15,"column":1}},"15":{"start":{"line":16,"column":0},"end":{"line":16,"column":0}},"16":{"start":{"line":17,"column":0},"end":{"line":17,"column":3}},"17":{"start":{"line":18,"column":0},"end":{"line":18,"column":44}},"18":{"start":{"line":19,"column":0},"end":{"line":19,"column":28}},"19":{"start":{"line":20,"column":0},"end":{"line":20,"column":34}},"20":{"start":{"line":21,"column":0},"end":{"line":21,"column":25}},"21":{"start":{"line":22,"column":0},"end":{"line":22,"column":27}},"22":{"start":{"line":23,"column":0},"end":{"line":23,"column":50}},"23":{"start":{"line":24,"column":0},"end":{"line":24,"column":3}},"24":{"start":{"line":25,"column":0},"end":{"line":25,"column":44}},"25":{"start":{"line":26,"column":0},"end":{"line":26,"column":20}},"26":{"start":{"line":27,"column":0},"end":{"line":27,"column":58}},"27":{"start":{"line":28,"column":0},"end":{"line":28,"column":71}},"28":{"start":{"line":29,"column":0},"end":{"line":29,"column":62}},"29":{"start":{"line":30,"column":0},"end":{"line":30,"column":72}},"30":{"start":{"line":31,"column":0},"end":{"line":31,"column":62}},"31":{"start":{"line":32,"column":0},"end":{"line":32,"column":69}},"32":{"start":{"line":33,"column":0},"end":{"line":33,"column":48}},"33":{"start":{"line":34,"column":0},"end":{"line":34,"column":1}},"34":{"start":{"line":35,"column":0},"end":{"line":35,"column":0}},"35":{"start":{"line":36,"column":0},"end":{"line":36,"column":3}},"36":{"start":{"line":37,"column":0},"end":{"line":37,"column":79}},"37":{"start":{"line":38,"column":0},"end":{"line":38,"column":24}},"38":{"start":{"line":39,"column":0},"end":{"line":39,"column":21}},"39":{"start":{"line":40,"column":0},"end":{"line":40,"column":3}},"40":{"start":{"line":41,"column":0},"end":{"line":41,"column":37}},"41":{"start":{"line":42,"column":0},"end":{"line":42,"column":46}},"42":{"start":{"line":43,"column":0},"end":{"line":43,"column":50}},"43":{"start":{"line":44,"column":0},"end":{"line":44,"column":46}},"44":{"start":{"line":45,"column":0},"end":{"line":45,"column":29}},"45":{"start":{"line":46,"column":0},"end":{"line":46,"column":1}},"46":{"start":{"line":47,"column":0},"end":{"line":47,"column":0}},"47":{"start":{"line":48,"column":0},"end":{"line":48,"column":3}},"48":{"start":{"line":49,"column":0},"end":{"line":49,"column":50}},"49":{"start":{"line":50,"column":0},"end":{"line":50,"column":48}},"50":{"start":{"line":51,"column":0},"end":{"line":51,"column":21}},"51":{"start":{"line":52,"column":0},"end":{"line":52,"column":3}},"52":{"start":{"line":53,"column":0},"end":{"line":53,"column":36}},"53":{"start":{"line":54,"column":0},"end":{"line":54,"column":36}},"54":{"start":{"line":55,"column":0},"end":{"line":55,"column":76}},"55":{"start":{"line":56,"column":0},"end":{"line":56,"column":27}},"56":{"start":{"line":57,"column":0},"end":{"line":57,"column":54}},"57":{"start":{"line":58,"column":0},"end":{"line":58,"column":56}},"58":{"start":{"line":59,"column":0},"end":{"line":59,"column":80}},"59":{"start":{"line":60,"column":0},"end":{"line":60,"column":10}},"60":{"start":{"line":61,"column":0},"end":{"line":61,"column":3}},"61":{"start":{"line":62,"column":0},"end":{"line":62,"column":19}},"62":{"start":{"line":63,"column":0},"end":{"line":63,"column":1}},"63":{"start":{"line":64,"column":0},"end":{"line":64,"column":0}},"64":{"start":{"line":65,"column":0},"end":{"line":65,"column":3}},"65":{"start":{"line":66,"column":0},"end":{"line":66,"column":53}},"66":{"start":{"line":67,"column":0},"end":{"line":67,"column":85}},"67":{"start":{"line":68,"column":0},"end":{"line":68,"column":50}},"68":{"start":{"line":69,"column":0},"end":{"line":69,"column":3}},"69":{"start":{"line":70,"column":0},"end":{"line":70,"column":36}},"70":{"start":{"line":71,"column":0},"end":{"line":71,"column":20}},"71":{"start":{"line":72,"column":0},"end":{"line":72,"column":99}},"72":{"start":{"line":73,"column":0},"end":{"line":73,"column":48}},"73":{"start":{"line":74,"column":0},"end":{"line":74,"column":62}},"74":{"start":{"line":75,"column":0},"end":{"line":75,"column":32}},"75":{"start":{"line":76,"column":0},"end":{"line":76,"column":34}},"76":{"start":{"line":77,"column":0},"end":{"line":77,"column":50}},"77":{"start":{"line":78,"column":0},"end":{"line":78,"column":53}},"78":{"start":{"line":79,"column":0},"end":{"line":79,"column":23}},"79":{"start":{"line":80,"column":0},"end":{"line":80,"column":9}},"80":{"start":{"line":81,"column":0},"end":{"line":81,"column":82}},"81":{"start":{"line":82,"column":0},"end":{"line":82,"column":13}},"82":{"start":{"line":83,"column":0},"end":{"line":83,"column":48}},"83":{"start":{"line":84,"column":0},"end":{"line":84,"column":5}},"84":{"start":{"line":85,"column":0},"end":{"line":85,"column":3}},"85":{"start":{"line":86,"column":0},"end":{"line":86,"column":48}},"86":{"start":{"line":87,"column":0},"end":{"line":87,"column":1}}},"s":{"0":1,"1":1,"2":1,"3":1,"4":1,"5":1,"6":1,"7":1,"8":1,"9":1,"10":1,"11":13,"12":11,"13":11,"14":11,"15":1,"16":1,"17":1,"18":1,"19":1,"20":1,"21":1,"22":1,"23":1,"24":1,"25":10,"26":10,"27":10,"28":10,"29":10,"30":10,"31":10,"32":10,"33":10,"34":1,"35":1,"36":1,"37":1,"38":1,"39":1,"40":1,"41":8,"42":6,"43":6,"44":6,"45":6,"46":1,"47":1,"48":1,"49":1,"50":1,"51":1,"52":1,"53":9,"54":9,"55":8,"56":8,"57":8,"58":9,"59":3,"60":3,"61":8,"62":8,"63":1,"64":1,"65":1,"66":1,"67":1,"68":1,"69":1,"70":6,"71":6,"72":6,"73":6,"74":5,"75":6,"76":5,"77":6,"78":6,"79":4,"80":4,"81":4,"82":0,"83":0,"84":4,"85":5,"86":5},"branchMap":{"0":{"type":"branch","line":11,"loc":{"start":{"line":11,"column":7},"end":{"line":15,"column":1}},"locations":[{"start":{"line":11,"column":7},"end":{"line":15,"column":1}}]},"1":{"type":"branch","line":12,"loc":{"start":{"line":12,"column":33},"end":{"line":12,"column":46}},"locations":[{"start":{"line":12,"column":33},"end":{"line":12,"column":46}}]},"2":{"type":"branch","line":12,"loc":{"start":{"line":12,"column":45},"end":{"line":15,"column":1}},"locations":[{"start":{"line":12,"column":45},"end":{"line":15,"column":1}}]},"3":{"type":"branch","line":25,"loc":{"start":{"line":25,"column":7},"end":{"line":34,"column":1}},"locations":[{"start":{"line":25,"column":7},"end":{"line":34,"column":1}}]},"4":{"type":"branch","line":28,"loc":{"start":{"line":28,"column":4},"end":{"line":28,"column":71}},"locations":[{"start":{"line":28,"column":4},"end":{"line":28,"column":71}}]},"5":{"type":"branch","line":30,"loc":{"start":{"line":30,"column":4},"end":{"line":30,"column":72}},"locations":[{"start":{"line":30,"column":4},"end":{"line":30,"column":72}}]},"6":{"type":"branch","line":32,"loc":{"start":{"line":32,"column":4},"end":{"line":32,"column":69}},"locations":[{"start":{"line":32,"column":4},"end":{"line":32,"column":69}}]},"7":{"type":"branch","line":41,"loc":{"start":{"line":41,"column":7},"end":{"line":46,"column":1}},"locations":[{"start":{"line":41,"column":7},"end":{"line":46,"column":1}}]},"8":{"type":"branch","line":42,"loc":{"start":{"line":42,"column":33},"end":{"line":42,"column":46}},"locations":[{"start":{"line":42,"column":33},"end":{"line":42,"column":46}}]},"9":{"type":"branch","line":42,"loc":{"start":{"line":42,"column":45},"end":{"line":46,"column":1}},"locations":[{"start":{"line":42,"column":45},"end":{"line":46,"column":1}}]},"10":{"type":"branch","line":53,"loc":{"start":{"line":53,"column":7},"end":{"line":63,"column":1}},"locations":[{"start":{"line":53,"column":7},"end":{"line":63,"column":1}}]},"11":{"type":"branch","line":55,"loc":{"start":{"line":55,"column":30},"end":{"line":55,"column":76}},"locations":[{"start":{"line":55,"column":30},"end":{"line":55,"column":76}}]},"12":{"type":"branch","line":55,"loc":{"start":{"line":55,"column":75},"end":{"line":59,"column":20}},"locations":[{"start":{"line":55,"column":75},"end":{"line":59,"column":20}}]},"13":{"type":"branch","line":59,"loc":{"start":{"line":59,"column":20},"end":{"line":59,"column":77}},"locations":[{"start":{"line":59,"column":20},"end":{"line":59,"column":77}}]},"14":{"type":"branch","line":59,"loc":{"start":{"line":59,"column":40},"end":{"line":59,"column":76}},"locations":[{"start":{"line":59,"column":40},"end":{"line":59,"column":76}}]},"15":{"type":"branch","line":59,"loc":{"start":{"line":59,"column":79},"end":{"line":61,"column":3}},"locations":[{"start":{"line":59,"column":79},"end":{"line":61,"column":3}}]},"16":{"type":"branch","line":61,"loc":{"start":{"line":61,"column":2},"end":{"line":63,"column":1}},"locations":[{"start":{"line":61,"column":2},"end":{"line":63,"column":1}}]},"17":{"type":"branch","line":70,"loc":{"start":{"line":70,"column":7},"end":{"line":87,"column":1}},"locations":[{"start":{"line":70,"column":7},"end":{"line":87,"column":1}}]},"18":{"type":"branch","line":72,"loc":{"start":{"line":72,"column":12},"end":{"line":72,"column":39}},"locations":[{"start":{"line":72,"column":12},"end":{"line":72,"column":39}}]},"19":{"type":"branch","line":72,"loc":{"start":{"line":72,"column":41},"end":{"line":72,"column":99}},"locations":[{"start":{"line":72,"column":41},"end":{"line":72,"column":99}}]},"20":{"type":"branch","line":72,"loc":{"start":{"line":72,"column":98},"end":{"line":73,"column":47}},"locations":[{"start":{"line":72,"column":98},"end":{"line":73,"column":47}}]},"21":{"type":"branch","line":74,"loc":{"start":{"line":74,"column":4},"end":{"line":74,"column":62}},"locations":[{"start":{"line":74,"column":4},"end":{"line":74,"column":62}}]},"22":{"type":"branch","line":74,"loc":{"start":{"line":74,"column":61},"end":{"line":76,"column":4}},"locations":[{"start":{"line":74,"column":61},"end":{"line":76,"column":4}}]},"23":{"type":"branch","line":76,"loc":{"start":{"line":76,"column":4},"end":{"line":76,"column":34}},"locations":[{"start":{"line":76,"column":4},"end":{"line":76,"column":34}}]},"24":{"type":"branch","line":76,"loc":{"start":{"line":76,"column":33},"end":{"line":78,"column":22}},"locations":[{"start":{"line":76,"column":33},"end":{"line":78,"column":22}}]},"25":{"type":"branch","line":78,"loc":{"start":{"line":78,"column":22},"end":{"line":78,"column":53}},"locations":[{"start":{"line":78,"column":22},"end":{"line":78,"column":53}}]},"26":{"type":"branch","line":78,"loc":{"start":{"line":78,"column":52},"end":{"line":79,"column":22}},"locations":[{"start":{"line":78,"column":52},"end":{"line":79,"column":22}}]},"27":{"type":"branch","line":79,"loc":{"start":{"line":79,"column":22},"end":{"line":85,"column":3}},"locations":[{"start":{"line":79,"column":22},"end":{"line":85,"column":3}}]},"28":{"type":"branch","line":81,"loc":{"start":{"line":81,"column":36},"end":{"line":81,"column":82}},"locations":[{"start":{"line":81,"column":36},"end":{"line":81,"column":82}}]},"29":{"type":"branch","line":82,"loc":{"start":{"line":82,"column":6},"end":{"line":84,"column":5}},"locations":[{"start":{"line":82,"column":6},"end":{"line":84,"column":5}}]},"30":{"type":"branch","line":85,"loc":{"start":{"line":85,"column":2},"end":{"line":87,"column":1}},"locations":[{"start":{"line":85,"column":2},"end":{"line":87,"column":1}}]}},"b":{"0":[13],"1":[2],"2":[11],"3":[10],"4":[3],"5":[3],"6":[3],"7":[8],"8":[2],"9":[6],"10":[9],"11":[1],"12":[8],"13":[5],"14":[1],"15":[3],"16":[8],"17":[6],"18":[5],"19":[1],"20":[5],"21":[2],"22":[5],"23":[2],"24":[5],"25":[1],"26":[5],"27":[4],"28":[1],"29":[0],"30":[5]},"fnMap":{"0":{"name":"isValidEmail","decl":{"start":{"line":11,"column":7},"end":{"line":15,"column":1}},"loc":{"start":{"line":11,"column":7},"end":{"line":15,"column":1}},"line":11},"1":{"name":"validatePassword","decl":{"start":{"line":25,"column":7},"end":{"line":34,"column":1}},"loc":{"start":{"line":25,"column":7},"end":{"line":34,"column":1}},"line":25},"2":{"name":"isValidPhone","decl":{"start":{"line":41,"column":7},"end":{"line":46,"column":1}},"loc":{"start":{"line":41,"column":7},"end":{"line":46,"column":1}},"line":41},"3":{"name":"isAdult","decl":{"start":{"line":53,"column":7},"end":{"line":63,"column":1}},"loc":{"start":{"line":53,"column":7},"end":{"line":63,"column":1}},"line":53},"4":{"name":"validateUser","decl":{"start":{"line":70,"column":7},"end":{"line":87,"column":1}},"loc":{"start":{"line":70,"column":7},"end":{"line":87,"column":1}},"line":70}},"f":{"0":13,"1":10,"2":8,"3":9,"4":6}}
}
